<?xml version="1.0" encoding="utf-8"?><testsuites><testsuite errors="0" failures="0" hostname="fv-az121-652" name="pytest" skipped="0" tests="51" time="23.560" timestamp="2021-03-19T22:36:11.872568"><testcase classname="odsclient.tests.test_core" name="test_error_bad_dataset_id" time="0.527" /><testcase classname="odsclient.tests.test_core" name="test_no_apikey_provided" time="0.002" /><testcase classname="odsclient.tests.test_core" name="test_apikey_not_granting_rights" time="0.989" /><testcase classname="odsclient.tests.test_core" name="test_bad_apikey" time="0.435" /><testcase classname="odsclient.tests.test_core" name="test_keyring_unit" time="0.002" /><testcase classname="odsclient.tests.test_core" name="test_baseurl_to_id_str[False-http://]" time="0.001" /><testcase classname="odsclient.tests.test_core" name="test_baseurl_to_id_str[False-ftp://]" time="0.001" /><testcase classname="odsclient.tests.test_core" name="test_baseurl_to_id_str[False-https://]" time="0.001" /><testcase classname="odsclient.tests.test_core" name="test_baseurl_to_id_str[True-http://]" time="0.001" /><testcase classname="odsclient.tests.test_core" name="test_baseurl_to_id_str[True-ftp://]" time="0.001" /><testcase classname="odsclient.tests.test_core" name="test_baseurl_to_id_str[True-https://]" time="0.001" /><testcase classname="odsclient.tests.test_odskey" name="test_odskey[None-None]" time="0.015" /><testcase classname="odsclient.tests.test_odskey" name="test_odskey[hello-None]" time="0.013" /><testcase classname="odsclient.tests.test_odskey" name="test_odskey[None-http://blouh/]" time="0.014" /><testcase classname="odsclient.tests.test_readme" name="test_invalid_network_connection" time="0.004" /><testcase classname="odsclient.tests.test_readme" name="test_example[file_cache=False-progress_bar=False-save_to_file=False]" time="1.010" /><testcase classname="odsclient.tests.test_readme" name="test_example[file_cache=False-progress_bar=False-save_to_file=True]" time="0.964" /><testcase classname="odsclient.tests.test_readme" name="test_example[file_cache=False-progress_bar=True-save_to_file=False]" time="0.968" /><testcase classname="odsclient.tests.test_readme" name="test_example[file_cache=False-progress_bar=True-save_to_file=True]" time="0.953" /><testcase classname="odsclient.tests.test_readme" name="test_example[file_cache=True-progress_bar=False-save_to_file=False]" time="1.497" /><testcase classname="odsclient.tests.test_readme" name="test_example[file_cache=True-progress_bar=False-save_to_file=True]" time="1.534" /><testcase classname="odsclient.tests.test_readme" name="test_example[file_cache=True-progress_bar=True-save_to_file=False]" time="1.580" /><testcase classname="odsclient.tests.test_readme" name="test_example[file_cache=True-progress_bar=True-save_to_file=True]" time="1.443" /><testcase classname="odsclient.tests.test_readme" name="test_example[file_cache=.odscustcache-progress_bar=False-save_to_file=False]" time="1.608" /><testcase classname="odsclient.tests.test_readme" name="test_example[file_cache=.odscustcache-progress_bar=False-save_to_file=True]" time="1.544" /><testcase classname="odsclient.tests.test_readme" name="test_example[file_cache=.odscustcache-progress_bar=True-save_to_file=False]" time="1.491" /><testcase classname="odsclient.tests.test_readme" name="test_example[file_cache=.odscustcache-progress_bar=True-save_to_file=True]" time="1.509" /><testcase classname="odsclient.tests.test_readme" name="test_other_platform[file_cache=False-direct]" time="0.233" /><testcase classname="odsclient.tests.test_readme" name="test_other_platform[file_cache=False-file_default]" time="0.180" /><testcase classname="odsclient.tests.test_readme" name="test_other_platform[file_cache=False-file_custom]" time="0.187" /><testcase classname="odsclient.tests.test_readme" name="test_other_platform[file_cache=False-single_env]" time="0.190" /><testcase classname="odsclient.tests.test_readme" name="test_other_platform[file_cache=False-multi_env_baseurl]" time="0.206" /><testcase classname="odsclient.tests.test_readme" name="test_other_platform[file_cache=False-multi_env_default]" time="0.182" /><testcase classname="odsclient.tests.test_readme" name="test_other_platform[file_cache=False-keyring1]" time="0.183" /><testcase classname="odsclient.tests.test_readme" name="test_other_platform[file_cache=False-keyring2]" time="0.249" /><testcase classname="odsclient.tests.test_readme" name="test_other_platform[file_cache=True-direct]" time="0.202" /><testcase classname="odsclient.tests.test_readme" name="test_other_platform[file_cache=True-file_default]" time="0.196" /><testcase classname="odsclient.tests.test_readme" name="test_other_platform[file_cache=True-file_custom]" time="0.194" /><testcase classname="odsclient.tests.test_readme" name="test_other_platform[file_cache=True-single_env]" time="0.199" /><testcase classname="odsclient.tests.test_readme" name="test_other_platform[file_cache=True-multi_env_baseurl]" time="0.194" /><testcase classname="odsclient.tests.test_readme" name="test_other_platform[file_cache=True-multi_env_default]" time="0.179" /><testcase classname="odsclient.tests.test_readme" name="test_other_platform[file_cache=True-keyring1]" time="0.196" /><testcase classname="odsclient.tests.test_readme" name="test_other_platform[file_cache=True-keyring2]" time="0.211" /><testcase classname="odsclient.tests.test_readme" name="test_other_platform[file_cache=.odscustcache-direct]" time="0.182" /><testcase classname="odsclient.tests.test_readme" name="test_other_platform[file_cache=.odscustcache-file_default]" time="0.185" /><testcase classname="odsclient.tests.test_readme" name="test_other_platform[file_cache=.odscustcache-file_custom]" time="0.191" /><testcase classname="odsclient.tests.test_readme" name="test_other_platform[file_cache=.odscustcache-single_env]" time="0.178" /><testcase classname="odsclient.tests.test_readme" name="test_other_platform[file_cache=.odscustcache-multi_env_baseurl]" time="0.181" /><testcase classname="odsclient.tests.test_readme" name="test_other_platform[file_cache=.odscustcache-multi_env_default]" time="0.199" /><testcase classname="odsclient.tests.test_readme" name="test_other_platform[file_cache=.odscustcache-keyring1]" time="0.215" /><testcase classname="odsclient.tests.test_readme" name="test_other_platform[file_cache=.odscustcache-keyring2]" time="0.193" /></testsuite></testsuites>