<?xml version="1.0" encoding="utf-8"?><testsuites><testsuite errors="0" failures="0" hostname="fv-az240-642" name="pytest" skipped="0" tests="51" time="24.941" timestamp="2021-03-18T09:06:35.497189"><testcase classname="odsclient.tests.test_core" name="test_error_bad_dataset_id" time="0.449" /><testcase classname="odsclient.tests.test_core" name="test_no_apikey_provided" time="0.002" /><testcase classname="odsclient.tests.test_core" name="test_apikey_not_granting_rights" time="1.463" /><testcase classname="odsclient.tests.test_core" name="test_bad_apikey" time="0.327" /><testcase classname="odsclient.tests.test_core" name="test_keyring_unit" time="0.003" /><testcase classname="odsclient.tests.test_core" name="test_baseurl_to_id_str[False-http://]" time="0.001" /><testcase classname="odsclient.tests.test_core" name="test_baseurl_to_id_str[False-ftp://]" time="0.001" /><testcase classname="odsclient.tests.test_core" name="test_baseurl_to_id_str[False-https://]" time="0.001" /><testcase classname="odsclient.tests.test_core" name="test_baseurl_to_id_str[True-http://]" time="0.001" /><testcase classname="odsclient.tests.test_core" name="test_baseurl_to_id_str[True-ftp://]" time="0.001" /><testcase classname="odsclient.tests.test_core" name="test_baseurl_to_id_str[True-https://]" time="0.001" /><testcase classname="odsclient.tests.test_odskey" name="test_odskey[None-None]" time="0.017" /><testcase classname="odsclient.tests.test_odskey" name="test_odskey[hello-None]" time="0.014" /><testcase classname="odsclient.tests.test_odskey" name="test_odskey[None-http://blouh/]" time="0.015" /><testcase classname="odsclient.tests.test_readme" name="test_invalid_network_connection" time="0.004" /><testcase classname="odsclient.tests.test_readme" name="test_example[file_cache=False-progress_bar=False-save_to_file=False]" time="0.799" /><testcase classname="odsclient.tests.test_readme" name="test_example[file_cache=False-progress_bar=False-save_to_file=True]" time="0.860" /><testcase classname="odsclient.tests.test_readme" name="test_example[file_cache=False-progress_bar=True-save_to_file=False]" time="0.885" /><testcase classname="odsclient.tests.test_readme" name="test_example[file_cache=False-progress_bar=True-save_to_file=True]" time="1.303" /><testcase classname="odsclient.tests.test_readme" name="test_example[file_cache=True-progress_bar=False-save_to_file=False]" time="1.312" /><testcase classname="odsclient.tests.test_readme" name="test_example[file_cache=True-progress_bar=False-save_to_file=True]" time="1.247" /><testcase classname="odsclient.tests.test_readme" name="test_example[file_cache=True-progress_bar=True-save_to_file=False]" time="1.254" /><testcase classname="odsclient.tests.test_readme" name="test_example[file_cache=True-progress_bar=True-save_to_file=True]" time="3.475" /><testcase classname="odsclient.tests.test_readme" name="test_example[file_cache=.odscustcache-progress_bar=False-save_to_file=False]" time="1.300" /><testcase classname="odsclient.tests.test_readme" name="test_example[file_cache=.odscustcache-progress_bar=False-save_to_file=True]" time="1.306" /><testcase classname="odsclient.tests.test_readme" name="test_example[file_cache=.odscustcache-progress_bar=True-save_to_file=False]" time="1.797" /><testcase classname="odsclient.tests.test_readme" name="test_example[file_cache=.odscustcache-progress_bar=True-save_to_file=True]" time="1.833" /><testcase classname="odsclient.tests.test_readme" name="test_other_platform[file_cache=False-direct]" time="0.211" /><testcase classname="odsclient.tests.test_readme" name="test_other_platform[file_cache=False-file_default]" time="0.175" /><testcase classname="odsclient.tests.test_readme" name="test_other_platform[file_cache=False-file_custom]" time="0.177" /><testcase classname="odsclient.tests.test_readme" name="test_other_platform[file_cache=False-single_env]" time="0.175" /><testcase classname="odsclient.tests.test_readme" name="test_other_platform[file_cache=False-multi_env_baseurl]" time="0.165" /><testcase classname="odsclient.tests.test_readme" name="test_other_platform[file_cache=False-multi_env_default]" time="0.172" /><testcase classname="odsclient.tests.test_readme" name="test_other_platform[file_cache=False-keyring1]" time="0.174" /><testcase classname="odsclient.tests.test_readme" name="test_other_platform[file_cache=False-keyring2]" time="0.195" /><testcase classname="odsclient.tests.test_readme" name="test_other_platform[file_cache=True-direct]" time="0.173" /><testcase classname="odsclient.tests.test_readme" name="test_other_platform[file_cache=True-file_default]" time="0.182" /><testcase classname="odsclient.tests.test_readme" name="test_other_platform[file_cache=True-file_custom]" time="0.181" /><testcase classname="odsclient.tests.test_readme" name="test_other_platform[file_cache=True-single_env]" time="0.233" /><testcase classname="odsclient.tests.test_readme" name="test_other_platform[file_cache=True-multi_env_baseurl]" time="0.173" /><testcase classname="odsclient.tests.test_readme" name="test_other_platform[file_cache=True-multi_env_default]" time="0.170" /><testcase classname="odsclient.tests.test_readme" name="test_other_platform[file_cache=True-keyring1]" time="0.196" /><testcase classname="odsclient.tests.test_readme" name="test_other_platform[file_cache=True-keyring2]" time="0.213" /><testcase classname="odsclient.tests.test_readme" name="test_other_platform[file_cache=.odscustcache-direct]" time="0.175" /><testcase classname="odsclient.tests.test_readme" name="test_other_platform[file_cache=.odscustcache-file_default]" time="0.188" /><testcase classname="odsclient.tests.test_readme" name="test_other_platform[file_cache=.odscustcache-file_custom]" time="0.177" /><testcase classname="odsclient.tests.test_readme" name="test_other_platform[file_cache=.odscustcache-single_env]" time="0.211" /><testcase classname="odsclient.tests.test_readme" name="test_other_platform[file_cache=.odscustcache-multi_env_baseurl]" time="0.184" /><testcase classname="odsclient.tests.test_readme" name="test_other_platform[file_cache=.odscustcache-multi_env_default]" time="0.205" /><testcase classname="odsclient.tests.test_readme" name="test_other_platform[file_cache=.odscustcache-keyring1]" time="0.184" /><testcase classname="odsclient.tests.test_readme" name="test_other_platform[file_cache=.odscustcache-keyring2]" time="0.191" /></testsuite></testsuites>