<?xml version="1.0" encoding="utf-8"?><testsuites><testsuite errors="0" failures="0" hostname="fv-az90-338" name="pytest" skipped="0" tests="51" time="39.371" timestamp="2021-11-09T16:09:14.217592"><testcase classname="odsclient.tests.test_core" name="test_error_bad_dataset_id" time="0.791" /><testcase classname="odsclient.tests.test_core" name="test_no_apikey_provided" time="0.002" /><testcase classname="odsclient.tests.test_core" name="test_apikey_not_granting_rights" time="1.185" /><testcase classname="odsclient.tests.test_core" name="test_bad_apikey" time="0.395" /><testcase classname="odsclient.tests.test_core" name="test_keyring_unit" time="0.004" /><testcase classname="odsclient.tests.test_core" name="test_baseurl_to_id_str[False-http://]" time="0.001" /><testcase classname="odsclient.tests.test_core" name="test_baseurl_to_id_str[False-ftp://]" time="0.003" /><testcase classname="odsclient.tests.test_core" name="test_baseurl_to_id_str[False-https://]" time="0.002" /><testcase classname="odsclient.tests.test_core" name="test_baseurl_to_id_str[True-http://]" time="0.001" /><testcase classname="odsclient.tests.test_core" name="test_baseurl_to_id_str[True-ftp://]" time="0.002" /><testcase classname="odsclient.tests.test_core" name="test_baseurl_to_id_str[True-https://]" time="0.001" /><testcase classname="odsclient.tests.test_odskey" name="test_odskey[None-None]" time="0.019" /><testcase classname="odsclient.tests.test_odskey" name="test_odskey[hello-None]" time="0.020" /><testcase classname="odsclient.tests.test_odskey" name="test_odskey[None-http://blouh/]" time="0.019" /><testcase classname="odsclient.tests.test_readme" name="test_invalid_network_connection" time="0.005" /><testcase classname="odsclient.tests.test_readme" name="test_example[file_cache=False-progress_bar=False-save_to_file=False]" time="1.642" /><testcase classname="odsclient.tests.test_readme" name="test_example[file_cache=False-progress_bar=False-save_to_file=True]" time="1.738" /><testcase classname="odsclient.tests.test_readme" name="test_example[file_cache=False-progress_bar=True-save_to_file=False]" time="1.068" /><testcase classname="odsclient.tests.test_readme" name="test_example[file_cache=False-progress_bar=True-save_to_file=True]" time="1.624" /><testcase classname="odsclient.tests.test_readme" name="test_example[file_cache=True-progress_bar=False-save_to_file=False]" time="3.337" /><testcase classname="odsclient.tests.test_readme" name="test_example[file_cache=True-progress_bar=False-save_to_file=True]" time="3.201" /><testcase classname="odsclient.tests.test_readme" name="test_example[file_cache=True-progress_bar=True-save_to_file=False]" time="2.763" /><testcase classname="odsclient.tests.test_readme" name="test_example[file_cache=True-progress_bar=True-save_to_file=True]" time="3.012" /><testcase classname="odsclient.tests.test_readme" name="test_example[file_cache=.odscustcache-progress_bar=False-save_to_file=False]" time="2.516" /><testcase classname="odsclient.tests.test_readme" name="test_example[file_cache=.odscustcache-progress_bar=False-save_to_file=True]" time="2.019" /><testcase classname="odsclient.tests.test_readme" name="test_example[file_cache=.odscustcache-progress_bar=True-save_to_file=False]" time="1.780" /><testcase classname="odsclient.tests.test_readme" name="test_example[file_cache=.odscustcache-progress_bar=True-save_to_file=True]" time="2.301" /><testcase classname="odsclient.tests.test_readme" name="test_other_platform[file_cache=False-direct]" time="0.469" /><testcase classname="odsclient.tests.test_readme" name="test_other_platform[file_cache=False-file_default]" time="0.278" /><testcase classname="odsclient.tests.test_readme" name="test_other_platform[file_cache=False-file_custom]" time="0.307" /><testcase classname="odsclient.tests.test_readme" name="test_other_platform[file_cache=False-single_env]" time="0.507" /><testcase classname="odsclient.tests.test_readme" name="test_other_platform[file_cache=False-multi_env_baseurl]" time="0.367" /><testcase classname="odsclient.tests.test_readme" name="test_other_platform[file_cache=False-multi_env_default]" time="0.312" /><testcase classname="odsclient.tests.test_readme" name="test_other_platform[file_cache=False-keyring1]" time="0.339" /><testcase classname="odsclient.tests.test_readme" name="test_other_platform[file_cache=False-keyring2]" time="0.489" /><testcase classname="odsclient.tests.test_readme" name="test_other_platform[file_cache=True-direct]" time="0.305" /><testcase classname="odsclient.tests.test_readme" name="test_other_platform[file_cache=True-file_default]" time="0.279" /><testcase classname="odsclient.tests.test_readme" name="test_other_platform[file_cache=True-file_custom]" time="0.561" /><testcase classname="odsclient.tests.test_readme" name="test_other_platform[file_cache=True-single_env]" time="0.389" /><testcase classname="odsclient.tests.test_readme" name="test_other_platform[file_cache=True-multi_env_baseurl]" time="0.254" /><testcase classname="odsclient.tests.test_readme" name="test_other_platform[file_cache=True-multi_env_default]" time="0.537" /><testcase classname="odsclient.tests.test_readme" name="test_other_platform[file_cache=True-keyring1]" time="0.352" /><testcase classname="odsclient.tests.test_readme" name="test_other_platform[file_cache=True-keyring2]" time="0.446" /><testcase classname="odsclient.tests.test_readme" name="test_other_platform[file_cache=.odscustcache-direct]" time="0.489" /><testcase classname="odsclient.tests.test_readme" name="test_other_platform[file_cache=.odscustcache-file_default]" time="0.585" /><testcase classname="odsclient.tests.test_readme" name="test_other_platform[file_cache=.odscustcache-file_custom]" time="0.316" /><testcase classname="odsclient.tests.test_readme" name="test_other_platform[file_cache=.odscustcache-single_env]" time="0.275" /><testcase classname="odsclient.tests.test_readme" name="test_other_platform[file_cache=.odscustcache-multi_env_baseurl]" time="0.345" /><testcase classname="odsclient.tests.test_readme" name="test_other_platform[file_cache=.odscustcache-multi_env_default]" time="0.388" /><testcase classname="odsclient.tests.test_readme" name="test_other_platform[file_cache=.odscustcache-keyring1]" time="0.300" /><testcase classname="odsclient.tests.test_readme" name="test_other_platform[file_cache=.odscustcache-keyring2]" time="0.267" /></testsuite></testsuites>