<?xml version="1.0" encoding="utf-8"?><testsuites><testsuite errors="0" failures="0" hostname="travis-job-35759c9b-6ac4-4e21-be6a-5bb1e5ef1ef1" name="pytest" skipped="0" tests="51" time="27.392" timestamp="2021-01-13T20:42:39.658060"><testcase classname="odsclient.tests.test_core" file="odsclient/tests/test_core.py" line="9" name="test_error_bad_dataset_id" time="0.506"></testcase><testcase classname="odsclient.tests.test_core" file="odsclient/tests/test_core.py" line="19" name="test_no_apikey_provided" time="0.002"></testcase><testcase classname="odsclient.tests.test_core" file="odsclient/tests/test_core.py" line="25" name="test_apikey_not_granting_rights" time="0.595"></testcase><testcase classname="odsclient.tests.test_core" file="odsclient/tests/test_core.py" line="32" name="test_bad_apikey" time="0.520"></testcase><testcase classname="odsclient.tests.test_core" file="odsclient/tests/test_core.py" line="43" name="test_keyring_unit" time="0.003"></testcase><testcase classname="odsclient.tests.test_core" file="odsclient/tests/test_core.py" line="52" name="test_baseurl_to_id_str[False-http://]" time="0.001"></testcase><testcase classname="odsclient.tests.test_core" file="odsclient/tests/test_core.py" line="52" name="test_baseurl_to_id_str[False-ftp://]" time="0.001"></testcase><testcase classname="odsclient.tests.test_core" file="odsclient/tests/test_core.py" line="52" name="test_baseurl_to_id_str[False-https://]" time="0.001"></testcase><testcase classname="odsclient.tests.test_core" file="odsclient/tests/test_core.py" line="52" name="test_baseurl_to_id_str[True-http://]" time="0.001"></testcase><testcase classname="odsclient.tests.test_core" file="odsclient/tests/test_core.py" line="52" name="test_baseurl_to_id_str[True-ftp://]" time="0.003"></testcase><testcase classname="odsclient.tests.test_core" file="odsclient/tests/test_core.py" line="52" name="test_baseurl_to_id_str[True-https://]" time="0.001"></testcase><testcase classname="odsclient.tests.test_odskey" file="odsclient/tests/test_odskey.py" line="6" name="test_odskey[None-None]" time="0.014"></testcase><testcase classname="odsclient.tests.test_odskey" file="odsclient/tests/test_odskey.py" line="6" name="test_odskey[hello-None]" time="0.012"></testcase><testcase classname="odsclient.tests.test_odskey" file="odsclient/tests/test_odskey.py" line="6" name="test_odskey[None-http://blouh/]" time="0.012"></testcase><testcase classname="odsclient.tests.test_readme" file="odsclient/tests/test_readme.py" line="35" name="test_invalid_network_connection" time="0.004"></testcase><testcase classname="odsclient.tests.test_readme" file="odsclient/tests/test_readme.py" line="41" name="test_example[file_cache=False-progress_bar=False-save_to_file=False]" time="1.177"></testcase><testcase classname="odsclient.tests.test_readme" file="odsclient/tests/test_readme.py" line="41" name="test_example[file_cache=False-progress_bar=False-save_to_file=True]" time="1.088"></testcase><testcase classname="odsclient.tests.test_readme" file="odsclient/tests/test_readme.py" line="41" name="test_example[file_cache=False-progress_bar=True-save_to_file=False]" time="1.086"></testcase><testcase classname="odsclient.tests.test_readme" file="odsclient/tests/test_readme.py" line="41" name="test_example[file_cache=False-progress_bar=True-save_to_file=True]" time="1.122"></testcase><testcase classname="odsclient.tests.test_readme" file="odsclient/tests/test_readme.py" line="41" name="test_example[file_cache=True-progress_bar=False-save_to_file=False]" time="1.816"></testcase><testcase classname="odsclient.tests.test_readme" file="odsclient/tests/test_readme.py" line="41" name="test_example[file_cache=True-progress_bar=False-save_to_file=True]" time="1.604"></testcase><testcase classname="odsclient.tests.test_readme" file="odsclient/tests/test_readme.py" line="41" name="test_example[file_cache=True-progress_bar=True-save_to_file=False]" time="1.772"></testcase><testcase classname="odsclient.tests.test_readme" file="odsclient/tests/test_readme.py" line="41" name="test_example[file_cache=True-progress_bar=True-save_to_file=True]" time="1.620"></testcase><testcase classname="odsclient.tests.test_readme" file="odsclient/tests/test_readme.py" line="41" name="test_example[file_cache=.odscustcache-progress_bar=False-save_to_file=False]" time="1.556"></testcase><testcase classname="odsclient.tests.test_readme" file="odsclient/tests/test_readme.py" line="41" name="test_example[file_cache=.odscustcache-progress_bar=False-save_to_file=True]" time="1.618"></testcase><testcase classname="odsclient.tests.test_readme" file="odsclient/tests/test_readme.py" line="41" name="test_example[file_cache=.odscustcache-progress_bar=True-save_to_file=False]" time="1.733"></testcase><testcase classname="odsclient.tests.test_readme" file="odsclient/tests/test_readme.py" line="41" name="test_example[file_cache=.odscustcache-progress_bar=True-save_to_file=True]" time="1.673"></testcase><testcase classname="odsclient.tests.test_readme" file="odsclient/tests/test_readme.py" line="130" name="test_other_platform[file_cache=False-direct]" time="0.340"></testcase><testcase classname="odsclient.tests.test_readme" file="odsclient/tests/test_readme.py" line="130" name="test_other_platform[file_cache=False-file_default]" time="0.327"></testcase><testcase classname="odsclient.tests.test_readme" file="odsclient/tests/test_readme.py" line="130" name="test_other_platform[file_cache=False-file_custom]" time="0.270"></testcase><testcase classname="odsclient.tests.test_readme" file="odsclient/tests/test_readme.py" line="130" name="test_other_platform[file_cache=False-single_env]" time="0.325"></testcase><testcase classname="odsclient.tests.test_readme" file="odsclient/tests/test_readme.py" line="130" name="test_other_platform[file_cache=False-multi_env_baseurl]" time="0.244"></testcase><testcase classname="odsclient.tests.test_readme" file="odsclient/tests/test_readme.py" line="130" name="test_other_platform[file_cache=False-multi_env_default]" time="0.238"></testcase><testcase classname="odsclient.tests.test_readme" file="odsclient/tests/test_readme.py" line="130" name="test_other_platform[file_cache=False-keyring1]" time="0.250"></testcase><testcase classname="odsclient.tests.test_readme" file="odsclient/tests/test_readme.py" line="130" name="test_other_platform[file_cache=False-keyring2]" time="0.319"></testcase><testcase classname="odsclient.tests.test_readme" file="odsclient/tests/test_readme.py" line="130" name="test_other_platform[file_cache=True-direct]" time="0.309"></testcase><testcase classname="odsclient.tests.test_readme" file="odsclient/tests/test_readme.py" line="130" name="test_other_platform[file_cache=True-file_default]" time="0.322"></testcase><testcase classname="odsclient.tests.test_readme" file="odsclient/tests/test_readme.py" line="130" name="test_other_platform[file_cache=True-file_custom]" time="0.335"></testcase><testcase classname="odsclient.tests.test_readme" file="odsclient/tests/test_readme.py" line="130" name="test_other_platform[file_cache=True-single_env]" time="0.341"></testcase><testcase classname="odsclient.tests.test_readme" file="odsclient/tests/test_readme.py" line="130" name="test_other_platform[file_cache=True-multi_env_baseurl]" time="0.316"></testcase><testcase classname="odsclient.tests.test_readme" file="odsclient/tests/test_readme.py" line="130" name="test_other_platform[file_cache=True-multi_env_default]" time="0.239"></testcase><testcase classname="odsclient.tests.test_readme" file="odsclient/tests/test_readme.py" line="130" name="test_other_platform[file_cache=True-keyring1]" time="0.381"></testcase><testcase classname="odsclient.tests.test_readme" file="odsclient/tests/test_readme.py" line="130" name="test_other_platform[file_cache=True-keyring2]" time="0.253"></testcase><testcase classname="odsclient.tests.test_readme" file="odsclient/tests/test_readme.py" line="130" name="test_other_platform[file_cache=.odscustcache-direct]" time="0.352"></testcase><testcase classname="odsclient.tests.test_readme" file="odsclient/tests/test_readme.py" line="130" name="test_other_platform[file_cache=.odscustcache-file_default]" time="0.247"></testcase><testcase classname="odsclient.tests.test_readme" file="odsclient/tests/test_readme.py" line="130" name="test_other_platform[file_cache=.odscustcache-file_custom]" time="0.247"></testcase><testcase classname="odsclient.tests.test_readme" file="odsclient/tests/test_readme.py" line="130" name="test_other_platform[file_cache=.odscustcache-single_env]" time="0.245"></testcase><testcase classname="odsclient.tests.test_readme" file="odsclient/tests/test_readme.py" line="130" name="test_other_platform[file_cache=.odscustcache-multi_env_baseurl]" time="0.330"></testcase><testcase classname="odsclient.tests.test_readme" file="odsclient/tests/test_readme.py" line="130" name="test_other_platform[file_cache=.odscustcache-multi_env_default]" time="0.252"></testcase><testcase classname="odsclient.tests.test_readme" file="odsclient/tests/test_readme.py" line="130" name="test_other_platform[file_cache=.odscustcache-keyring1]" time="0.241"></testcase><testcase classname="odsclient.tests.test_readme" file="odsclient/tests/test_readme.py" line="130" name="test_other_platform[file_cache=.odscustcache-keyring2]" time="0.389"></testcase></testsuite></testsuites>