<?xml version="1.0" encoding="utf-8"?><testsuites><testsuite errors="0" failures="0" hostname="travis-job-fa25dc4e-c806-47a9-9339-151c457237e2" name="pytest" skipped="0" tests="51" time="29.420" timestamp="2021-01-13T20:45:35.350394"><testcase classname="odsclient.tests.test_core" file="odsclient/tests/test_core.py" line="9" name="test_error_bad_dataset_id" time="0.511"></testcase><testcase classname="odsclient.tests.test_core" file="odsclient/tests/test_core.py" line="19" name="test_no_apikey_provided" time="0.003"></testcase><testcase classname="odsclient.tests.test_core" file="odsclient/tests/test_core.py" line="25" name="test_apikey_not_granting_rights" time="1.251"></testcase><testcase classname="odsclient.tests.test_core" file="odsclient/tests/test_core.py" line="32" name="test_bad_apikey" time="0.490"></testcase><testcase classname="odsclient.tests.test_core" file="odsclient/tests/test_core.py" line="43" name="test_keyring_unit" time="0.002"></testcase><testcase classname="odsclient.tests.test_core" file="odsclient/tests/test_core.py" line="52" name="test_baseurl_to_id_str[False-http://]" time="0.001"></testcase><testcase classname="odsclient.tests.test_core" file="odsclient/tests/test_core.py" line="52" name="test_baseurl_to_id_str[False-ftp://]" time="0.001"></testcase><testcase classname="odsclient.tests.test_core" file="odsclient/tests/test_core.py" line="52" name="test_baseurl_to_id_str[False-https://]" time="0.001"></testcase><testcase classname="odsclient.tests.test_core" file="odsclient/tests/test_core.py" line="52" name="test_baseurl_to_id_str[True-http://]" time="0.001"></testcase><testcase classname="odsclient.tests.test_core" file="odsclient/tests/test_core.py" line="52" name="test_baseurl_to_id_str[True-ftp://]" time="0.004"></testcase><testcase classname="odsclient.tests.test_core" file="odsclient/tests/test_core.py" line="52" name="test_baseurl_to_id_str[True-https://]" time="0.001"></testcase><testcase classname="odsclient.tests.test_odskey" file="odsclient/tests/test_odskey.py" line="6" name="test_odskey[None-None]" time="0.013"></testcase><testcase classname="odsclient.tests.test_odskey" file="odsclient/tests/test_odskey.py" line="6" name="test_odskey[hello-None]" time="0.012"></testcase><testcase classname="odsclient.tests.test_odskey" file="odsclient/tests/test_odskey.py" line="6" name="test_odskey[None-http://blouh/]" time="0.012"></testcase><testcase classname="odsclient.tests.test_readme" file="odsclient/tests/test_readme.py" line="35" name="test_invalid_network_connection" time="0.005"></testcase><testcase classname="odsclient.tests.test_readme" file="odsclient/tests/test_readme.py" line="41" name="test_example[file_cache=False-progress_bar=False-save_to_file=False]" time="1.126"></testcase><testcase classname="odsclient.tests.test_readme" file="odsclient/tests/test_readme.py" line="41" name="test_example[file_cache=False-progress_bar=False-save_to_file=True]" time="1.116"></testcase><testcase classname="odsclient.tests.test_readme" file="odsclient/tests/test_readme.py" line="41" name="test_example[file_cache=False-progress_bar=True-save_to_file=False]" time="1.103"></testcase><testcase classname="odsclient.tests.test_readme" file="odsclient/tests/test_readme.py" line="41" name="test_example[file_cache=False-progress_bar=True-save_to_file=True]" time="1.164"></testcase><testcase classname="odsclient.tests.test_readme" file="odsclient/tests/test_readme.py" line="41" name="test_example[file_cache=True-progress_bar=False-save_to_file=False]" time="1.706"></testcase><testcase classname="odsclient.tests.test_readme" file="odsclient/tests/test_readme.py" line="41" name="test_example[file_cache=True-progress_bar=False-save_to_file=True]" time="3.370"></testcase><testcase classname="odsclient.tests.test_readme" file="odsclient/tests/test_readme.py" line="41" name="test_example[file_cache=True-progress_bar=True-save_to_file=False]" time="1.631"></testcase><testcase classname="odsclient.tests.test_readme" file="odsclient/tests/test_readme.py" line="41" name="test_example[file_cache=True-progress_bar=True-save_to_file=True]" time="1.620"></testcase><testcase classname="odsclient.tests.test_readme" file="odsclient/tests/test_readme.py" line="41" name="test_example[file_cache=.odscustcache-progress_bar=False-save_to_file=False]" time="1.727"></testcase><testcase classname="odsclient.tests.test_readme" file="odsclient/tests/test_readme.py" line="41" name="test_example[file_cache=.odscustcache-progress_bar=False-save_to_file=True]" time="1.697"></testcase><testcase classname="odsclient.tests.test_readme" file="odsclient/tests/test_readme.py" line="41" name="test_example[file_cache=.odscustcache-progress_bar=True-save_to_file=False]" time="1.606"></testcase><testcase classname="odsclient.tests.test_readme" file="odsclient/tests/test_readme.py" line="41" name="test_example[file_cache=.odscustcache-progress_bar=True-save_to_file=True]" time="1.611"></testcase><testcase classname="odsclient.tests.test_readme" file="odsclient/tests/test_readme.py" line="130" name="test_other_platform[file_cache=False-direct]" time="0.268"></testcase><testcase classname="odsclient.tests.test_readme" file="odsclient/tests/test_readme.py" line="130" name="test_other_platform[file_cache=False-file_default]" time="0.241"></testcase><testcase classname="odsclient.tests.test_readme" file="odsclient/tests/test_readme.py" line="130" name="test_other_platform[file_cache=False-file_custom]" time="0.337"></testcase><testcase classname="odsclient.tests.test_readme" file="odsclient/tests/test_readme.py" line="130" name="test_other_platform[file_cache=False-single_env]" time="0.236"></testcase><testcase classname="odsclient.tests.test_readme" file="odsclient/tests/test_readme.py" line="130" name="test_other_platform[file_cache=False-multi_env_baseurl]" time="0.316"></testcase><testcase classname="odsclient.tests.test_readme" file="odsclient/tests/test_readme.py" line="130" name="test_other_platform[file_cache=False-multi_env_default]" time="0.241"></testcase><testcase classname="odsclient.tests.test_readme" file="odsclient/tests/test_readme.py" line="130" name="test_other_platform[file_cache=False-keyring1]" time="0.251"></testcase><testcase classname="odsclient.tests.test_readme" file="odsclient/tests/test_readme.py" line="130" name="test_other_platform[file_cache=False-keyring2]" time="0.349"></testcase><testcase classname="odsclient.tests.test_readme" file="odsclient/tests/test_readme.py" line="130" name="test_other_platform[file_cache=True-direct]" time="0.250"></testcase><testcase classname="odsclient.tests.test_readme" file="odsclient/tests/test_readme.py" line="130" name="test_other_platform[file_cache=True-file_default]" time="0.259"></testcase><testcase classname="odsclient.tests.test_readme" file="odsclient/tests/test_readme.py" line="130" name="test_other_platform[file_cache=True-file_custom]" time="0.322"></testcase><testcase classname="odsclient.tests.test_readme" file="odsclient/tests/test_readme.py" line="130" name="test_other_platform[file_cache=True-single_env]" time="0.316"></testcase><testcase classname="odsclient.tests.test_readme" file="odsclient/tests/test_readme.py" line="130" name="test_other_platform[file_cache=True-multi_env_baseurl]" time="0.315"></testcase><testcase classname="odsclient.tests.test_readme" file="odsclient/tests/test_readme.py" line="130" name="test_other_platform[file_cache=True-multi_env_default]" time="0.258"></testcase><testcase classname="odsclient.tests.test_readme" file="odsclient/tests/test_readme.py" line="130" name="test_other_platform[file_cache=True-keyring1]" time="0.247"></testcase><testcase classname="odsclient.tests.test_readme" file="odsclient/tests/test_readme.py" line="130" name="test_other_platform[file_cache=True-keyring2]" time="0.345"></testcase><testcase classname="odsclient.tests.test_readme" file="odsclient/tests/test_readme.py" line="130" name="test_other_platform[file_cache=.odscustcache-direct]" time="0.331"></testcase><testcase classname="odsclient.tests.test_readme" file="odsclient/tests/test_readme.py" line="130" name="test_other_platform[file_cache=.odscustcache-file_default]" time="0.246"></testcase><testcase classname="odsclient.tests.test_readme" file="odsclient/tests/test_readme.py" line="130" name="test_other_platform[file_cache=.odscustcache-file_custom]" time="0.239"></testcase><testcase classname="odsclient.tests.test_readme" file="odsclient/tests/test_readme.py" line="130" name="test_other_platform[file_cache=.odscustcache-single_env]" time="0.338"></testcase><testcase classname="odsclient.tests.test_readme" file="odsclient/tests/test_readme.py" line="130" name="test_other_platform[file_cache=.odscustcache-multi_env_baseurl]" time="0.327"></testcase><testcase classname="odsclient.tests.test_readme" file="odsclient/tests/test_readme.py" line="130" name="test_other_platform[file_cache=.odscustcache-multi_env_default]" time="0.246"></testcase><testcase classname="odsclient.tests.test_readme" file="odsclient/tests/test_readme.py" line="130" name="test_other_platform[file_cache=.odscustcache-keyring1]" time="0.323"></testcase><testcase classname="odsclient.tests.test_readme" file="odsclient/tests/test_readme.py" line="130" name="test_other_platform[file_cache=.odscustcache-keyring2]" time="0.259"></testcase></testsuite></testsuites>