<?xml version="1.0" encoding="utf-8"?><testsuites><testsuite errors="0" failures="0" hostname="travis-job-509cb2cb-ebd3-4024-bf03-39fb39893e90" name="pytest" skipped="0" tests="51" time="41.436" timestamp="2021-02-03T17:45:26.993256"><testcase classname="odsclient.tests.test_core" file="odsclient/tests/test_core.py" line="9" name="test_error_bad_dataset_id" time="0.493"></testcase><testcase classname="odsclient.tests.test_core" file="odsclient/tests/test_core.py" line="19" name="test_no_apikey_provided" time="0.003"></testcase><testcase classname="odsclient.tests.test_core" file="odsclient/tests/test_core.py" line="25" name="test_apikey_not_granting_rights" time="0.971"></testcase><testcase classname="odsclient.tests.test_core" file="odsclient/tests/test_core.py" line="32" name="test_bad_apikey" time="0.677"></testcase><testcase classname="odsclient.tests.test_core" file="odsclient/tests/test_core.py" line="43" name="test_keyring_unit" time="0.002"></testcase><testcase classname="odsclient.tests.test_core" file="odsclient/tests/test_core.py" line="52" name="test_baseurl_to_id_str[False-http://]" time="0.001"></testcase><testcase classname="odsclient.tests.test_core" file="odsclient/tests/test_core.py" line="52" name="test_baseurl_to_id_str[False-ftp://]" time="0.001"></testcase><testcase classname="odsclient.tests.test_core" file="odsclient/tests/test_core.py" line="52" name="test_baseurl_to_id_str[False-https://]" time="0.001"></testcase><testcase classname="odsclient.tests.test_core" file="odsclient/tests/test_core.py" line="52" name="test_baseurl_to_id_str[True-http://]" time="0.001"></testcase><testcase classname="odsclient.tests.test_core" file="odsclient/tests/test_core.py" line="52" name="test_baseurl_to_id_str[True-ftp://]" time="0.001"></testcase><testcase classname="odsclient.tests.test_core" file="odsclient/tests/test_core.py" line="52" name="test_baseurl_to_id_str[True-https://]" time="0.001"></testcase><testcase classname="odsclient.tests.test_odskey" file="odsclient/tests/test_odskey.py" line="6" name="test_odskey[None-None]" time="0.015"></testcase><testcase classname="odsclient.tests.test_odskey" file="odsclient/tests/test_odskey.py" line="6" name="test_odskey[hello-None]" time="0.011"></testcase><testcase classname="odsclient.tests.test_odskey" file="odsclient/tests/test_odskey.py" line="6" name="test_odskey[None-http://blouh/]" time="0.013"></testcase><testcase classname="odsclient.tests.test_readme" file="odsclient/tests/test_readme.py" line="35" name="test_invalid_network_connection" time="0.005"></testcase><testcase classname="odsclient.tests.test_readme" file="odsclient/tests/test_readme.py" line="41" name="test_example[file_cache=False-progress_bar=False-save_to_file=False]" time="1.184"></testcase><testcase classname="odsclient.tests.test_readme" file="odsclient/tests/test_readme.py" line="41" name="test_example[file_cache=False-progress_bar=False-save_to_file=True]" time="2.466"></testcase><testcase classname="odsclient.tests.test_readme" file="odsclient/tests/test_readme.py" line="41" name="test_example[file_cache=False-progress_bar=True-save_to_file=False]" time="1.018"></testcase><testcase classname="odsclient.tests.test_readme" file="odsclient/tests/test_readme.py" line="41" name="test_example[file_cache=False-progress_bar=True-save_to_file=True]" time="2.543"></testcase><testcase classname="odsclient.tests.test_readme" file="odsclient/tests/test_readme.py" line="41" name="test_example[file_cache=True-progress_bar=False-save_to_file=False]" time="3.568"></testcase><testcase classname="odsclient.tests.test_readme" file="odsclient/tests/test_readme.py" line="41" name="test_example[file_cache=True-progress_bar=False-save_to_file=True]" time="3.927"></testcase><testcase classname="odsclient.tests.test_readme" file="odsclient/tests/test_readme.py" line="41" name="test_example[file_cache=True-progress_bar=True-save_to_file=False]" time="7.744"></testcase><testcase classname="odsclient.tests.test_readme" file="odsclient/tests/test_readme.py" line="41" name="test_example[file_cache=True-progress_bar=True-save_to_file=True]" time="2.556"></testcase><testcase classname="odsclient.tests.test_readme" file="odsclient/tests/test_readme.py" line="41" name="test_example[file_cache=.odscustcache-progress_bar=False-save_to_file=False]" time="2.024"></testcase><testcase classname="odsclient.tests.test_readme" file="odsclient/tests/test_readme.py" line="41" name="test_example[file_cache=.odscustcache-progress_bar=False-save_to_file=True]" time="1.849"></testcase><testcase classname="odsclient.tests.test_readme" file="odsclient/tests/test_readme.py" line="41" name="test_example[file_cache=.odscustcache-progress_bar=True-save_to_file=False]" time="1.817"></testcase><testcase classname="odsclient.tests.test_readme" file="odsclient/tests/test_readme.py" line="41" name="test_example[file_cache=.odscustcache-progress_bar=True-save_to_file=True]" time="1.984"></testcase><testcase classname="odsclient.tests.test_readme" file="odsclient/tests/test_readme.py" line="130" name="test_other_platform[file_cache=False-direct]" time="0.343"></testcase><testcase classname="odsclient.tests.test_readme" file="odsclient/tests/test_readme.py" line="130" name="test_other_platform[file_cache=False-file_default]" time="0.233"></testcase><testcase classname="odsclient.tests.test_readme" file="odsclient/tests/test_readme.py" line="130" name="test_other_platform[file_cache=False-file_custom]" time="0.232"></testcase><testcase classname="odsclient.tests.test_readme" file="odsclient/tests/test_readme.py" line="130" name="test_other_platform[file_cache=False-single_env]" time="0.238"></testcase><testcase classname="odsclient.tests.test_readme" file="odsclient/tests/test_readme.py" line="130" name="test_other_platform[file_cache=False-multi_env_baseurl]" time="0.260"></testcase><testcase classname="odsclient.tests.test_readme" file="odsclient/tests/test_readme.py" line="130" name="test_other_platform[file_cache=False-multi_env_default]" time="0.179"></testcase><testcase classname="odsclient.tests.test_readme" file="odsclient/tests/test_readme.py" line="130" name="test_other_platform[file_cache=False-keyring1]" time="0.179"></testcase><testcase classname="odsclient.tests.test_readme" file="odsclient/tests/test_readme.py" line="130" name="test_other_platform[file_cache=False-keyring2]" time="0.177"></testcase><testcase classname="odsclient.tests.test_readme" file="odsclient/tests/test_readme.py" line="130" name="test_other_platform[file_cache=True-direct]" time="0.185"></testcase><testcase classname="odsclient.tests.test_readme" file="odsclient/tests/test_readme.py" line="130" name="test_other_platform[file_cache=True-file_default]" time="0.245"></testcase><testcase classname="odsclient.tests.test_readme" file="odsclient/tests/test_readme.py" line="130" name="test_other_platform[file_cache=True-file_custom]" time="0.261"></testcase><testcase classname="odsclient.tests.test_readme" file="odsclient/tests/test_readme.py" line="130" name="test_other_platform[file_cache=True-single_env]" time="0.243"></testcase><testcase classname="odsclient.tests.test_readme" file="odsclient/tests/test_readme.py" line="130" name="test_other_platform[file_cache=True-multi_env_baseurl]" time="0.199"></testcase><testcase classname="odsclient.tests.test_readme" file="odsclient/tests/test_readme.py" line="130" name="test_other_platform[file_cache=True-multi_env_default]" time="0.298"></testcase><testcase classname="odsclient.tests.test_readme" file="odsclient/tests/test_readme.py" line="130" name="test_other_platform[file_cache=True-keyring1]" time="0.182"></testcase><testcase classname="odsclient.tests.test_readme" file="odsclient/tests/test_readme.py" line="130" name="test_other_platform[file_cache=True-keyring2]" time="0.182"></testcase><testcase classname="odsclient.tests.test_readme" file="odsclient/tests/test_readme.py" line="130" name="test_other_platform[file_cache=.odscustcache-direct]" time="0.235"></testcase><testcase classname="odsclient.tests.test_readme" file="odsclient/tests/test_readme.py" line="130" name="test_other_platform[file_cache=.odscustcache-file_default]" time="0.262"></testcase><testcase classname="odsclient.tests.test_readme" file="odsclient/tests/test_readme.py" line="130" name="test_other_platform[file_cache=.odscustcache-file_custom]" time="0.237"></testcase><testcase classname="odsclient.tests.test_readme" file="odsclient/tests/test_readme.py" line="130" name="test_other_platform[file_cache=.odscustcache-single_env]" time="0.454"></testcase><testcase classname="odsclient.tests.test_readme" file="odsclient/tests/test_readme.py" line="130" name="test_other_platform[file_cache=.odscustcache-multi_env_baseurl]" time="0.206"></testcase><testcase classname="odsclient.tests.test_readme" file="odsclient/tests/test_readme.py" line="130" name="test_other_platform[file_cache=.odscustcache-multi_env_default]" time="0.187"></testcase><testcase classname="odsclient.tests.test_readme" file="odsclient/tests/test_readme.py" line="130" name="test_other_platform[file_cache=.odscustcache-keyring1]" time="0.179"></testcase><testcase classname="odsclient.tests.test_readme" file="odsclient/tests/test_readme.py" line="130" name="test_other_platform[file_cache=.odscustcache-keyring2]" time="0.303"></testcase></testsuite></testsuites>