<?xml version="1.0" encoding="utf-8"?><testsuites><testsuite errors="0" failures="0" hostname="travis-job-6749de86-97a8-41c2-bbee-94dd353b53fd" name="pytest" skipped="0" tests="1" time="1.005" timestamp="2020-02-20T22:24:27.051348"><testcase classname="odsclient.tests.test_readme" file="odsclient/tests/test_readme.py" line="18" name="test_example" time="0.525"></testcase></testsuite></testsuites>