<?xml version="1.0" encoding="utf-8"?><testsuites><testsuite errors="0" failures="0" hostname="travis-job-7b893ae0-6027-429e-9e8c-7a90eb484779" name="pytest" skipped="0" tests="20" time="9.493" timestamp="2020-10-08T19:36:03.264956"><testcase classname="odsclient.tests.test_core" name="test_error_bad_dataset_id" time="0.544" /><testcase classname="odsclient.tests.test_core" name="test_no_apikey_provided" time="0.002" /><testcase classname="odsclient.tests.test_core" name="test_apikey_not_granting_rights" time="0.640" /><testcase classname="odsclient.tests.test_core" name="test_bad_apikey" time="0.633" /><testcase classname="odsclient.tests.test_core" name="test_keyring_unit" time="0.002" /><testcase classname="odsclient.tests.test_odskey" name="test_odskey[None-None]" time="0.045" /><testcase classname="odsclient.tests.test_odskey" name="test_odskey[hello-None]" time="0.012" /><testcase classname="odsclient.tests.test_odskey" name="test_odskey[None-http://blouh/]" time="0.013" /><testcase classname="odsclient.tests.test_readme" name="test_example[progress_bar=False-save_to_file=False]" time="1.148" /><testcase classname="odsclient.tests.test_readme" name="test_example[progress_bar=False-save_to_file=True]" time="1.261" /><testcase classname="odsclient.tests.test_readme" name="test_example[progress_bar=True-save_to_file=False]" time="1.079" /><testcase classname="odsclient.tests.test_readme" name="test_example[progress_bar=True-save_to_file=True]" time="1.097" /><testcase classname="odsclient.tests.test_readme" name="test_other_platform[direct]" time="0.439" /><testcase classname="odsclient.tests.test_readme" name="test_other_platform[file_default]" time="0.285" /><testcase classname="odsclient.tests.test_readme" name="test_other_platform[file_custom]" time="0.290" /><testcase classname="odsclient.tests.test_readme" name="test_other_platform[single_env]" time="0.282" /><testcase classname="odsclient.tests.test_readme" name="test_other_platform[multi_env_baseurl]" time="0.226" /><testcase classname="odsclient.tests.test_readme" name="test_other_platform[multi_env_default]" time="0.287" /><testcase classname="odsclient.tests.test_readme" name="test_other_platform[keyring1]" time="0.320" /><testcase classname="odsclient.tests.test_readme" name="test_other_platform[keyring2]" time="0.218" /></testsuite></testsuites>