<?xml version="1.0" encoding="utf-8"?><testsuites><testsuite errors="0" failures="0" hostname="travis-job-8e2e3661-856c-4203-83fe-82a83a9fc7da" name="pytest" skipped="0" tests="51" time="42.852" timestamp="2021-02-03T17:45:32.445633"><testcase classname="odsclient.tests.test_core" file="odsclient/tests/test_core.py" line="9" name="test_error_bad_dataset_id" time="0.522"></testcase><testcase classname="odsclient.tests.test_core" file="odsclient/tests/test_core.py" line="19" name="test_no_apikey_provided" time="0.002"></testcase><testcase classname="odsclient.tests.test_core" file="odsclient/tests/test_core.py" line="25" name="test_apikey_not_granting_rights" time="0.382"></testcase><testcase classname="odsclient.tests.test_core" file="odsclient/tests/test_core.py" line="32" name="test_bad_apikey" time="0.547"></testcase><testcase classname="odsclient.tests.test_core" file="odsclient/tests/test_core.py" line="43" name="test_keyring_unit" time="0.005"></testcase><testcase classname="odsclient.tests.test_core" file="odsclient/tests/test_core.py" line="52" name="test_baseurl_to_id_str[False-http://]" time="0.002"></testcase><testcase classname="odsclient.tests.test_core" file="odsclient/tests/test_core.py" line="52" name="test_baseurl_to_id_str[False-ftp://]" time="0.002"></testcase><testcase classname="odsclient.tests.test_core" file="odsclient/tests/test_core.py" line="52" name="test_baseurl_to_id_str[False-https://]" time="0.002"></testcase><testcase classname="odsclient.tests.test_core" file="odsclient/tests/test_core.py" line="52" name="test_baseurl_to_id_str[True-http://]" time="0.002"></testcase><testcase classname="odsclient.tests.test_core" file="odsclient/tests/test_core.py" line="52" name="test_baseurl_to_id_str[True-ftp://]" time="0.002"></testcase><testcase classname="odsclient.tests.test_core" file="odsclient/tests/test_core.py" line="52" name="test_baseurl_to_id_str[True-https://]" time="0.001"></testcase><testcase classname="odsclient.tests.test_odskey" file="odsclient/tests/test_odskey.py" line="6" name="test_odskey[None-None]" time="0.021"></testcase><testcase classname="odsclient.tests.test_odskey" file="odsclient/tests/test_odskey.py" line="6" name="test_odskey[hello-None]" time="0.021"></testcase><testcase classname="odsclient.tests.test_odskey" file="odsclient/tests/test_odskey.py" line="6" name="test_odskey[None-http://blouh/]" time="0.016"></testcase><testcase classname="odsclient.tests.test_readme" file="odsclient/tests/test_readme.py" line="35" name="test_invalid_network_connection" time="0.003"></testcase><testcase classname="odsclient.tests.test_readme" file="odsclient/tests/test_readme.py" line="41" name="test_example[file_cache=False-progress_bar=False-save_to_file=False]" time="1.941"></testcase><testcase classname="odsclient.tests.test_readme" file="odsclient/tests/test_readme.py" line="41" name="test_example[file_cache=False-progress_bar=False-save_to_file=True]" time="2.693"></testcase><testcase classname="odsclient.tests.test_readme" file="odsclient/tests/test_readme.py" line="41" name="test_example[file_cache=False-progress_bar=True-save_to_file=False]" time="1.826"></testcase><testcase classname="odsclient.tests.test_readme" file="odsclient/tests/test_readme.py" line="41" name="test_example[file_cache=False-progress_bar=True-save_to_file=True]" time="2.821"></testcase><testcase classname="odsclient.tests.test_readme" file="odsclient/tests/test_readme.py" line="41" name="test_example[file_cache=True-progress_bar=False-save_to_file=False]" time="5.461"></testcase><testcase classname="odsclient.tests.test_readme" file="odsclient/tests/test_readme.py" line="41" name="test_example[file_cache=True-progress_bar=False-save_to_file=True]" time="2.632"></testcase><testcase classname="odsclient.tests.test_readme" file="odsclient/tests/test_readme.py" line="41" name="test_example[file_cache=True-progress_bar=True-save_to_file=False]" time="2.704"></testcase><testcase classname="odsclient.tests.test_readme" file="odsclient/tests/test_readme.py" line="41" name="test_example[file_cache=True-progress_bar=True-save_to_file=True]" time="2.757"></testcase><testcase classname="odsclient.tests.test_readme" file="odsclient/tests/test_readme.py" line="41" name="test_example[file_cache=.odscustcache-progress_bar=False-save_to_file=False]" time="2.761"></testcase><testcase classname="odsclient.tests.test_readme" file="odsclient/tests/test_readme.py" line="41" name="test_example[file_cache=.odscustcache-progress_bar=False-save_to_file=True]" time="3.695"></testcase><testcase classname="odsclient.tests.test_readme" file="odsclient/tests/test_readme.py" line="41" name="test_example[file_cache=.odscustcache-progress_bar=True-save_to_file=False]" time="2.492"></testcase><testcase classname="odsclient.tests.test_readme" file="odsclient/tests/test_readme.py" line="41" name="test_example[file_cache=.odscustcache-progress_bar=True-save_to_file=True]" time="1.807"></testcase><testcase classname="odsclient.tests.test_readme" file="odsclient/tests/test_readme.py" line="130" name="test_other_platform[file_cache=False-direct]" time="0.406"></testcase><testcase classname="odsclient.tests.test_readme" file="odsclient/tests/test_readme.py" line="130" name="test_other_platform[file_cache=False-file_default]" time="0.247"></testcase><testcase classname="odsclient.tests.test_readme" file="odsclient/tests/test_readme.py" line="130" name="test_other_platform[file_cache=False-file_custom]" time="0.243"></testcase><testcase classname="odsclient.tests.test_readme" file="odsclient/tests/test_readme.py" line="130" name="test_other_platform[file_cache=False-single_env]" time="0.240"></testcase><testcase classname="odsclient.tests.test_readme" file="odsclient/tests/test_readme.py" line="130" name="test_other_platform[file_cache=False-multi_env_baseurl]" time="0.241"></testcase><testcase classname="odsclient.tests.test_readme" file="odsclient/tests/test_readme.py" line="130" name="test_other_platform[file_cache=False-multi_env_default]" time="0.305"></testcase><testcase classname="odsclient.tests.test_readme" file="odsclient/tests/test_readme.py" line="130" name="test_other_platform[file_cache=False-keyring1]" time="0.249"></testcase><testcase classname="odsclient.tests.test_readme" file="odsclient/tests/test_readme.py" line="130" name="test_other_platform[file_cache=False-keyring2]" time="0.305"></testcase><testcase classname="odsclient.tests.test_readme" file="odsclient/tests/test_readme.py" line="130" name="test_other_platform[file_cache=True-direct]" time="0.307"></testcase><testcase classname="odsclient.tests.test_readme" file="odsclient/tests/test_readme.py" line="130" name="test_other_platform[file_cache=True-file_default]" time="0.305"></testcase><testcase classname="odsclient.tests.test_readme" file="odsclient/tests/test_readme.py" line="130" name="test_other_platform[file_cache=True-file_custom]" time="0.299"></testcase><testcase classname="odsclient.tests.test_readme" file="odsclient/tests/test_readme.py" line="130" name="test_other_platform[file_cache=True-single_env]" time="0.332"></testcase><testcase classname="odsclient.tests.test_readme" file="odsclient/tests/test_readme.py" line="130" name="test_other_platform[file_cache=True-multi_env_baseurl]" time="0.307"></testcase><testcase classname="odsclient.tests.test_readme" file="odsclient/tests/test_readme.py" line="130" name="test_other_platform[file_cache=True-multi_env_default]" time="0.257"></testcase><testcase classname="odsclient.tests.test_readme" file="odsclient/tests/test_readme.py" line="130" name="test_other_platform[file_cache=True-keyring1]" time="0.309"></testcase><testcase classname="odsclient.tests.test_readme" file="odsclient/tests/test_readme.py" line="130" name="test_other_platform[file_cache=True-keyring2]" time="0.249"></testcase><testcase classname="odsclient.tests.test_readme" file="odsclient/tests/test_readme.py" line="130" name="test_other_platform[file_cache=.odscustcache-direct]" time="0.282"></testcase><testcase classname="odsclient.tests.test_readme" file="odsclient/tests/test_readme.py" line="130" name="test_other_platform[file_cache=.odscustcache-file_default]" time="0.303"></testcase><testcase classname="odsclient.tests.test_readme" file="odsclient/tests/test_readme.py" line="130" name="test_other_platform[file_cache=.odscustcache-file_custom]" time="0.257"></testcase><testcase classname="odsclient.tests.test_readme" file="odsclient/tests/test_readme.py" line="130" name="test_other_platform[file_cache=.odscustcache-single_env]" time="0.259"></testcase><testcase classname="odsclient.tests.test_readme" file="odsclient/tests/test_readme.py" line="130" name="test_other_platform[file_cache=.odscustcache-multi_env_baseurl]" time="0.309"></testcase><testcase classname="odsclient.tests.test_readme" file="odsclient/tests/test_readme.py" line="130" name="test_other_platform[file_cache=.odscustcache-multi_env_default]" time="0.254"></testcase><testcase classname="odsclient.tests.test_readme" file="odsclient/tests/test_readme.py" line="130" name="test_other_platform[file_cache=.odscustcache-keyring1]" time="0.249"></testcase><testcase classname="odsclient.tests.test_readme" file="odsclient/tests/test_readme.py" line="130" name="test_other_platform[file_cache=.odscustcache-keyring2]" time="0.321"></testcase></testsuite></testsuites>