<?xml version="1.0" encoding="utf-8"?><testsuites><testsuite errors="0" failures="0" hostname="travis-job-45875d2a-0683-4383-9fa6-51d71869a5d0" name="pytest" skipped="0" tests="17" time="8.661" timestamp="2020-03-02T23:38:55.862711"><testcase classname="odsclient.tests.test_core" file="odsclient/tests/test_core.py" line="8" name="test_error_bad_dataset_id" time="0.455"></testcase><testcase classname="odsclient.tests.test_core" file="odsclient/tests/test_core.py" line="18" name="test_no_apikey_provided" time="0.002"></testcase><testcase classname="odsclient.tests.test_core" file="odsclient/tests/test_core.py" line="24" name="test_apikey_not_granting_rights" time="0.781"></testcase><testcase classname="odsclient.tests.test_core" file="odsclient/tests/test_core.py" line="31" name="test_bad_apikey" time="0.460"></testcase><testcase classname="odsclient.tests.test_core" file="odsclient/tests/test_core.py" line="42" name="test_keyring_unit" time="0.003"></testcase><testcase classname="odsclient.tests.test_odskey" file="odsclient/tests/test_odskey.py" line="6" name="test_odskey[None-None]" time="0.011"></testcase><testcase classname="odsclient.tests.test_odskey" file="odsclient/tests/test_odskey.py" line="6" name="test_odskey[hello-None]" time="0.011"></testcase><testcase classname="odsclient.tests.test_odskey" file="odsclient/tests/test_odskey.py" line="6" name="test_odskey[None-http://blouh/]" time="0.011"></testcase><testcase classname="odsclient.tests.test_readme" file="odsclient/tests/test_readme.py" line="26" name="test_example" time="1.069"></testcase><testcase classname="odsclient.tests.test_readme" file="odsclient/tests/test_readme.py" line="60" name="test_other_platform[direct]" time="0.571"></testcase><testcase classname="odsclient.tests.test_readme" file="odsclient/tests/test_readme.py" line="60" name="test_other_platform[file_default]" time="0.889"></testcase><testcase classname="odsclient.tests.test_readme" file="odsclient/tests/test_readme.py" line="60" name="test_other_platform[file_custom]" time="0.630"></testcase><testcase classname="odsclient.tests.test_readme" file="odsclient/tests/test_readme.py" line="60" name="test_other_platform[single_env]" time="0.573"></testcase><testcase classname="odsclient.tests.test_readme" file="odsclient/tests/test_readme.py" line="60" name="test_other_platform[multi_env_baseurl]" time="0.655"></testcase><testcase classname="odsclient.tests.test_readme" file="odsclient/tests/test_readme.py" line="60" name="test_other_platform[multi_env_default]" time="0.675"></testcase><testcase classname="odsclient.tests.test_readme" file="odsclient/tests/test_readme.py" line="60" name="test_other_platform[keyring1]" time="0.657"></testcase><testcase classname="odsclient.tests.test_readme" file="odsclient/tests/test_readme.py" line="60" name="test_other_platform[keyring2]" time="0.582"></testcase></testsuite></testsuites>