<?xml version="1.0" encoding="utf-8"?><testsuites><testsuite errors="0" failures="0" hostname="travis-job-d5f3cb4b-264d-49df-aab3-4574187b448f" name="pytest" skipped="0" tests="14" time="8.242" timestamp="2020-03-02T00:08:34.319957"><testcase classname="odsclient.tests.test_core" file="odsclient/tests/test_core.py" line="8" name="test_error_bad_dataset_id" time="0.471"></testcase><testcase classname="odsclient.tests.test_core" file="odsclient/tests/test_core.py" line="18" name="test_no_apikey_provided" time="0.002"></testcase><testcase classname="odsclient.tests.test_core" file="odsclient/tests/test_core.py" line="24" name="test_apikey_not_granting_rights" time="0.611"></testcase><testcase classname="odsclient.tests.test_core" file="odsclient/tests/test_core.py" line="31" name="test_bad_apikey" time="0.476"></testcase><testcase classname="odsclient.tests.test_core" file="odsclient/tests/test_core.py" line="42" name="test_keyring_unit" time="0.004"></testcase><testcase classname="odsclient.tests.test_readme" file="odsclient/tests/test_readme.py" line="26" name="test_example" time="1.034"></testcase><testcase classname="odsclient.tests.test_readme" file="odsclient/tests/test_readme.py" line="60" name="test_other_platform[direct]" time="0.655"></testcase><testcase classname="odsclient.tests.test_readme" file="odsclient/tests/test_readme.py" line="60" name="test_other_platform[file_default]" time="0.593"></testcase><testcase classname="odsclient.tests.test_readme" file="odsclient/tests/test_readme.py" line="60" name="test_other_platform[file_custom]" time="0.648"></testcase><testcase classname="odsclient.tests.test_readme" file="odsclient/tests/test_readme.py" line="60" name="test_other_platform[single_env]" time="0.635"></testcase><testcase classname="odsclient.tests.test_readme" file="odsclient/tests/test_readme.py" line="60" name="test_other_platform[multi_env_baseurl]" time="0.596"></testcase><testcase classname="odsclient.tests.test_readme" file="odsclient/tests/test_readme.py" line="60" name="test_other_platform[multi_env_default]" time="0.572"></testcase><testcase classname="odsclient.tests.test_readme" file="odsclient/tests/test_readme.py" line="60" name="test_other_platform[keyring1]" time="0.675"></testcase><testcase classname="odsclient.tests.test_readme" file="odsclient/tests/test_readme.py" line="60" name="test_other_platform[keyring2]" time="0.634"></testcase></testsuite></testsuites>