<?xml version="1.0" encoding="utf-8"?><testsuites><testsuite errors="0" failures="0" hostname="travis-job-779ea056-ecd7-455c-b2a4-891310f5836a" name="pytest" skipped="0" tests="17" time="7.107" timestamp="2020-10-05T12:37:16.200910"><testcase classname="odsclient.tests.test_core" name="test_error_bad_dataset_id" time="0.918" /><testcase classname="odsclient.tests.test_core" name="test_no_apikey_provided" time="0.002" /><testcase classname="odsclient.tests.test_core" name="test_apikey_not_granting_rights" time="0.607" /><testcase classname="odsclient.tests.test_core" name="test_bad_apikey" time="0.587" /><testcase classname="odsclient.tests.test_core" name="test_keyring_unit" time="0.002" /><testcase classname="odsclient.tests.test_odskey" name="test_odskey[None-None]" time="0.015" /><testcase classname="odsclient.tests.test_odskey" name="test_odskey[hello-None]" time="0.049" /><testcase classname="odsclient.tests.test_odskey" name="test_odskey[None-http://blouh/]" time="0.012" /><testcase classname="odsclient.tests.test_readme" name="test_example" time="2.538" /><testcase classname="odsclient.tests.test_readme" name="test_other_platform[direct]" time="0.187" /><testcase classname="odsclient.tests.test_readme" name="test_other_platform[file_default]" time="0.233" /><testcase classname="odsclient.tests.test_readme" name="test_other_platform[file_custom]" time="0.194" /><testcase classname="odsclient.tests.test_readme" name="test_other_platform[single_env]" time="0.263" /><testcase classname="odsclient.tests.test_readme" name="test_other_platform[multi_env_baseurl]" time="0.161" /><testcase classname="odsclient.tests.test_readme" name="test_other_platform[multi_env_default]" time="0.167" /><testcase classname="odsclient.tests.test_readme" name="test_other_platform[keyring1]" time="0.238" /><testcase classname="odsclient.tests.test_readme" name="test_other_platform[keyring2]" time="0.255" /></testsuite></testsuites>