<?xml version="1.0" encoding="utf-8"?><testsuites><testsuite errors="0" failures="0" hostname="travis-job-98abe54f-ad5b-426f-be10-ee4cb2f3aa49" name="pytest" skipped="0" tests="2" time="2.195" timestamp="2020-02-23T22:43:14.230465"><testcase classname="odsclient.tests.test_core" file="odsclient/tests/test_core.py" line="5" name="test_error_bad_dataset_id" time="0.540"></testcase><testcase classname="odsclient.tests.test_readme" file="odsclient/tests/test_readme.py" line="21" name="test_example" time="1.149"></testcase></testsuite></testsuites>