<?xml version="1.0" encoding="utf-8"?><testsuites><testsuite errors="0" failures="0" hostname="travis-job-4dfb2a8d-3c66-4656-b8bc-75ad0be6792a" name="pytest" skipped="0" tests="17" time="6.414" timestamp="2020-10-05T12:13:06.180194"><testcase classname="odsclient.tests.test_core" name="test_error_bad_dataset_id" time="0.787" /><testcase classname="odsclient.tests.test_core" name="test_no_apikey_provided" time="0.002" /><testcase classname="odsclient.tests.test_core" name="test_apikey_not_granting_rights" time="0.391" /><testcase classname="odsclient.tests.test_core" name="test_bad_apikey" time="0.571" /><testcase classname="odsclient.tests.test_core" name="test_keyring_unit" time="0.002" /><testcase classname="odsclient.tests.test_odskey" name="test_odskey[None-None]" time="0.015" /><testcase classname="odsclient.tests.test_odskey" name="test_odskey[hello-None]" time="0.042" /><testcase classname="odsclient.tests.test_odskey" name="test_odskey[None-http://blouh/]" time="0.011" /><testcase classname="odsclient.tests.test_readme" name="test_example" time="1.779" /><testcase classname="odsclient.tests.test_readme" name="test_other_platform[direct]" time="0.274" /><testcase classname="odsclient.tests.test_readme" name="test_other_platform[file_default]" time="0.305" /><testcase classname="odsclient.tests.test_readme" name="test_other_platform[file_custom]" time="0.289" /><testcase classname="odsclient.tests.test_readme" name="test_other_platform[single_env]" time="0.260" /><testcase classname="odsclient.tests.test_readme" name="test_other_platform[multi_env_baseurl]" time="0.230" /><testcase classname="odsclient.tests.test_readme" name="test_other_platform[multi_env_default]" time="0.307" /><testcase classname="odsclient.tests.test_readme" name="test_other_platform[keyring1]" time="0.252" /><testcase classname="odsclient.tests.test_readme" name="test_other_platform[keyring2]" time="0.227" /></testsuite></testsuites>