<?xml version="1.0" encoding="utf-8"?><testsuites><testsuite errors="0" failures="0" hostname="travis-job-6251c68b-8779-4311-a17d-8783afdcd9d9" name="pytest" skipped="0" tests="17" time="6.035" timestamp="2020-10-05T12:09:14.218022"><testcase classname="odsclient.tests.test_core" name="test_error_bad_dataset_id" time="0.501" /><testcase classname="odsclient.tests.test_core" name="test_no_apikey_provided" time="0.002" /><testcase classname="odsclient.tests.test_core" name="test_apikey_not_granting_rights" time="0.774" /><testcase classname="odsclient.tests.test_core" name="test_bad_apikey" time="0.530" /><testcase classname="odsclient.tests.test_core" name="test_keyring_unit" time="0.002" /><testcase classname="odsclient.tests.test_odskey" name="test_odskey[None-None]" time="0.015" /><testcase classname="odsclient.tests.test_odskey" name="test_odskey[hello-None]" time="0.046" /><testcase classname="odsclient.tests.test_odskey" name="test_odskey[None-http://blouh/]" time="0.012" /><testcase classname="odsclient.tests.test_readme" name="test_example" time="1.091" /><testcase classname="odsclient.tests.test_readme" name="test_other_platform[direct]" time="0.332" /><testcase classname="odsclient.tests.test_readme" name="test_other_platform[file_default]" time="0.312" /><testcase classname="odsclient.tests.test_readme" name="test_other_platform[file_custom]" time="0.340" /><testcase classname="odsclient.tests.test_readme" name="test_other_platform[single_env]" time="0.232" /><testcase classname="odsclient.tests.test_readme" name="test_other_platform[multi_env_baseurl]" time="0.295" /><testcase classname="odsclient.tests.test_readme" name="test_other_platform[multi_env_default]" time="0.242" /><testcase classname="odsclient.tests.test_readme" name="test_other_platform[keyring1]" time="0.299" /><testcase classname="odsclient.tests.test_readme" name="test_other_platform[keyring2]" time="0.339" /></testsuite></testsuites>