<?xml version="1.0" encoding="utf-8"?><testsuites><testsuite errors="0" failures="0" hostname="travis-job-9a11c53c-03ca-41b1-a198-9a6adf0db1fb" name="pytest" skipped="0" tests="51" time="30.711" timestamp="2021-01-13T18:24:58.876368"><testcase classname="odsclient.tests.test_core" file="odsclient/tests/test_core.py" line="9" name="test_error_bad_dataset_id" time="0.530"></testcase><testcase classname="odsclient.tests.test_core" file="odsclient/tests/test_core.py" line="19" name="test_no_apikey_provided" time="0.002"></testcase><testcase classname="odsclient.tests.test_core" file="odsclient/tests/test_core.py" line="25" name="test_apikey_not_granting_rights" time="1.106"></testcase><testcase classname="odsclient.tests.test_core" file="odsclient/tests/test_core.py" line="32" name="test_bad_apikey" time="0.553"></testcase><testcase classname="odsclient.tests.test_core" file="odsclient/tests/test_core.py" line="43" name="test_keyring_unit" time="0.003"></testcase><testcase classname="odsclient.tests.test_core" file="odsclient/tests/test_core.py" line="52" name="test_baseurl_to_id_str[False-http://]" time="0.001"></testcase><testcase classname="odsclient.tests.test_core" file="odsclient/tests/test_core.py" line="52" name="test_baseurl_to_id_str[False-ftp://]" time="0.001"></testcase><testcase classname="odsclient.tests.test_core" file="odsclient/tests/test_core.py" line="52" name="test_baseurl_to_id_str[False-https://]" time="0.001"></testcase><testcase classname="odsclient.tests.test_core" file="odsclient/tests/test_core.py" line="52" name="test_baseurl_to_id_str[True-http://]" time="0.007"></testcase><testcase classname="odsclient.tests.test_core" file="odsclient/tests/test_core.py" line="52" name="test_baseurl_to_id_str[True-ftp://]" time="0.001"></testcase><testcase classname="odsclient.tests.test_core" file="odsclient/tests/test_core.py" line="52" name="test_baseurl_to_id_str[True-https://]" time="0.001"></testcase><testcase classname="odsclient.tests.test_odskey" file="odsclient/tests/test_odskey.py" line="6" name="test_odskey[None-None]" time="0.014"></testcase><testcase classname="odsclient.tests.test_odskey" file="odsclient/tests/test_odskey.py" line="6" name="test_odskey[hello-None]" time="0.012"></testcase><testcase classname="odsclient.tests.test_odskey" file="odsclient/tests/test_odskey.py" line="6" name="test_odskey[None-http://blouh/]" time="0.013"></testcase><testcase classname="odsclient.tests.test_readme" file="odsclient/tests/test_readme.py" line="28" name="test_invalid_network_connection" time="0.004"></testcase><testcase classname="odsclient.tests.test_readme" file="odsclient/tests/test_readme.py" line="34" name="test_example[file_cache=False-progress_bar=False-save_to_file=False]" time="1.360"></testcase><testcase classname="odsclient.tests.test_readme" file="odsclient/tests/test_readme.py" line="34" name="test_example[file_cache=False-progress_bar=False-save_to_file=True]" time="1.307"></testcase><testcase classname="odsclient.tests.test_readme" file="odsclient/tests/test_readme.py" line="34" name="test_example[file_cache=False-progress_bar=True-save_to_file=False]" time="1.647"></testcase><testcase classname="odsclient.tests.test_readme" file="odsclient/tests/test_readme.py" line="34" name="test_example[file_cache=False-progress_bar=True-save_to_file=True]" time="1.709"></testcase><testcase classname="odsclient.tests.test_readme" file="odsclient/tests/test_readme.py" line="34" name="test_example[file_cache=True-progress_bar=False-save_to_file=False]" time="2.390"></testcase><testcase classname="odsclient.tests.test_readme" file="odsclient/tests/test_readme.py" line="34" name="test_example[file_cache=True-progress_bar=False-save_to_file=True]" time="2.338"></testcase><testcase classname="odsclient.tests.test_readme" file="odsclient/tests/test_readme.py" line="34" name="test_example[file_cache=True-progress_bar=True-save_to_file=False]" time="1.580"></testcase><testcase classname="odsclient.tests.test_readme" file="odsclient/tests/test_readme.py" line="34" name="test_example[file_cache=True-progress_bar=True-save_to_file=True]" time="1.624"></testcase><testcase classname="odsclient.tests.test_readme" file="odsclient/tests/test_readme.py" line="34" name="test_example[file_cache=.odscustcache-progress_bar=False-save_to_file=False]" time="1.674"></testcase><testcase classname="odsclient.tests.test_readme" file="odsclient/tests/test_readme.py" line="34" name="test_example[file_cache=.odscustcache-progress_bar=False-save_to_file=True]" time="1.639"></testcase><testcase classname="odsclient.tests.test_readme" file="odsclient/tests/test_readme.py" line="34" name="test_example[file_cache=.odscustcache-progress_bar=True-save_to_file=False]" time="1.601"></testcase><testcase classname="odsclient.tests.test_readme" file="odsclient/tests/test_readme.py" line="34" name="test_example[file_cache=.odscustcache-progress_bar=True-save_to_file=True]" time="1.650"></testcase><testcase classname="odsclient.tests.test_readme" file="odsclient/tests/test_readme.py" line="123" name="test_other_platform[file_cache=False-direct]" time="0.350"></testcase><testcase classname="odsclient.tests.test_readme" file="odsclient/tests/test_readme.py" line="123" name="test_other_platform[file_cache=False-file_default]" time="0.256"></testcase><testcase classname="odsclient.tests.test_readme" file="odsclient/tests/test_readme.py" line="123" name="test_other_platform[file_cache=False-file_custom]" time="0.331"></testcase><testcase classname="odsclient.tests.test_readme" file="odsclient/tests/test_readme.py" line="123" name="test_other_platform[file_cache=False-single_env]" time="0.336"></testcase><testcase classname="odsclient.tests.test_readme" file="odsclient/tests/test_readme.py" line="123" name="test_other_platform[file_cache=False-multi_env_baseurl]" time="0.238"></testcase><testcase classname="odsclient.tests.test_readme" file="odsclient/tests/test_readme.py" line="123" name="test_other_platform[file_cache=False-multi_env_default]" time="0.337"></testcase><testcase classname="odsclient.tests.test_readme" file="odsclient/tests/test_readme.py" line="123" name="test_other_platform[file_cache=False-keyring1]" time="0.246"></testcase><testcase classname="odsclient.tests.test_readme" file="odsclient/tests/test_readme.py" line="123" name="test_other_platform[file_cache=False-keyring2]" time="0.321"></testcase><testcase classname="odsclient.tests.test_readme" file="odsclient/tests/test_readme.py" line="123" name="test_other_platform[file_cache=True-direct]" time="0.244"></testcase><testcase classname="odsclient.tests.test_readme" file="odsclient/tests/test_readme.py" line="123" name="test_other_platform[file_cache=True-file_default]" time="0.317"></testcase><testcase classname="odsclient.tests.test_readme" file="odsclient/tests/test_readme.py" line="123" name="test_other_platform[file_cache=True-file_custom]" time="0.254"></testcase><testcase classname="odsclient.tests.test_readme" file="odsclient/tests/test_readme.py" line="123" name="test_other_platform[file_cache=True-single_env]" time="0.327"></testcase><testcase classname="odsclient.tests.test_readme" file="odsclient/tests/test_readme.py" line="123" name="test_other_platform[file_cache=True-multi_env_baseurl]" time="0.316"></testcase><testcase classname="odsclient.tests.test_readme" file="odsclient/tests/test_readme.py" line="123" name="test_other_platform[file_cache=True-multi_env_default]" time="0.332"></testcase><testcase classname="odsclient.tests.test_readme" file="odsclient/tests/test_readme.py" line="123" name="test_other_platform[file_cache=True-keyring1]" time="0.262"></testcase><testcase classname="odsclient.tests.test_readme" file="odsclient/tests/test_readme.py" line="123" name="test_other_platform[file_cache=True-keyring2]" time="0.250"></testcase><testcase classname="odsclient.tests.test_readme" file="odsclient/tests/test_readme.py" line="123" name="test_other_platform[file_cache=.odscustcache-direct]" time="0.359"></testcase><testcase classname="odsclient.tests.test_readme" file="odsclient/tests/test_readme.py" line="123" name="test_other_platform[file_cache=.odscustcache-file_default]" time="0.247"></testcase><testcase classname="odsclient.tests.test_readme" file="odsclient/tests/test_readme.py" line="123" name="test_other_platform[file_cache=.odscustcache-file_custom]" time="0.326"></testcase><testcase classname="odsclient.tests.test_readme" file="odsclient/tests/test_readme.py" line="123" name="test_other_platform[file_cache=.odscustcache-single_env]" time="0.314"></testcase><testcase classname="odsclient.tests.test_readme" file="odsclient/tests/test_readme.py" line="123" name="test_other_platform[file_cache=.odscustcache-multi_env_baseurl]" time="0.243"></testcase><testcase classname="odsclient.tests.test_readme" file="odsclient/tests/test_readme.py" line="123" name="test_other_platform[file_cache=.odscustcache-multi_env_default]" time="0.325"></testcase><testcase classname="odsclient.tests.test_readme" file="odsclient/tests/test_readme.py" line="123" name="test_other_platform[file_cache=.odscustcache-keyring1]" time="0.337"></testcase><testcase classname="odsclient.tests.test_readme" file="odsclient/tests/test_readme.py" line="123" name="test_other_platform[file_cache=.odscustcache-keyring2]" time="0.255"></testcase></testsuite></testsuites>