<?xml version="1.0" encoding="utf-8"?><testsuites><testsuite errors="0" failures="0" hostname="travis-job-fe3e6330-c30b-438c-a57d-23670277cc8e" name="pytest" skipped="0" tests="1" time="1.061" timestamp="2020-02-20T22:14:44.474106"><testcase classname="odsclient.tests.test_readme" file="odsclient/tests/test_readme.py" line="18" name="test_example" time="0.604"></testcase></testsuite></testsuites>