<?xml version="1.0" encoding="utf-8"?><testsuites><testsuite errors="0" failures="0" hostname="travis-job-e4baa861-c194-4a66-a4ec-f16e1964df71" name="pytest" skipped="0" tests="20" time="10.031" timestamp="2020-10-08T19:23:13.775513"><testcase classname="odsclient.tests.test_core" name="test_error_bad_dataset_id" time="0.564" /><testcase classname="odsclient.tests.test_core" name="test_no_apikey_provided" time="0.002" /><testcase classname="odsclient.tests.test_core" name="test_apikey_not_granting_rights" time="0.353" /><testcase classname="odsclient.tests.test_core" name="test_bad_apikey" time="0.594" /><testcase classname="odsclient.tests.test_core" name="test_keyring_unit" time="0.003" /><testcase classname="odsclient.tests.test_odskey" name="test_odskey[None-None]" time="0.052" /><testcase classname="odsclient.tests.test_odskey" name="test_odskey[hello-None]" time="0.013" /><testcase classname="odsclient.tests.test_odskey" name="test_odskey[None-http://blouh/]" time="0.013" /><testcase classname="odsclient.tests.test_readme" name="test_example[progress_bar=False-save_to_file=False]" time="1.372" /><testcase classname="odsclient.tests.test_readme" name="test_example[progress_bar=False-save_to_file=True]" time="1.469" /><testcase classname="odsclient.tests.test_readme" name="test_example[progress_bar=True-save_to_file=False]" time="1.826" /><testcase classname="odsclient.tests.test_readme" name="test_example[progress_bar=True-save_to_file=True]" time="1.388" /><testcase classname="odsclient.tests.test_readme" name="test_other_platform[direct]" time="0.304" /><testcase classname="odsclient.tests.test_readme" name="test_other_platform[file_default]" time="0.214" /><testcase classname="odsclient.tests.test_readme" name="test_other_platform[file_custom]" time="0.158" /><testcase classname="odsclient.tests.test_readme" name="test_other_platform[single_env]" time="0.228" /><testcase classname="odsclient.tests.test_readme" name="test_other_platform[multi_env_baseurl]" time="0.250" /><testcase classname="odsclient.tests.test_readme" name="test_other_platform[multi_env_default]" time="0.162" /><testcase classname="odsclient.tests.test_readme" name="test_other_platform[keyring1]" time="0.177" /><testcase classname="odsclient.tests.test_readme" name="test_other_platform[keyring2]" time="0.162" /></testsuite></testsuites>