<?xml version="1.0" encoding="utf-8"?><testsuites><testsuite errors="0" failures="0" hostname="travis-job-d9332b24-1210-4610-ba5b-0b6768b29c29" name="pytest" skipped="0" tests="2" time="2.145" timestamp="2020-02-23T22:46:35.055870"><testcase classname="odsclient.tests.test_core" file="odsclient/tests/test_core.py" line="5" name="test_error_bad_dataset_id" time="0.487"></testcase><testcase classname="odsclient.tests.test_readme" file="odsclient/tests/test_readme.py" line="21" name="test_example" time="1.129"></testcase></testsuite></testsuites>