<?xml version="1.0" encoding="utf-8"?><testsuites><testsuite errors="0" failures="0" hostname="travis-job-ec034ffd-06da-485b-ab2f-b3912c278374" name="pytest" skipped="0" tests="1" time="1.053" timestamp="2020-02-20T22:18:57.256003"><testcase classname="odsclient.tests.test_readme" file="odsclient/tests/test_readme.py" line="18" name="test_example" time="0.559"></testcase></testsuite></testsuites>