<?xml version="1.0" encoding="utf-8"?><testsuites><testsuite errors="0" failures="0" hostname="travis-job-382819d0-e703-4e9a-b420-bc074d5223a6" name="pytest" skipped="0" tests="14" time="8.194" timestamp="2020-03-02T00:16:48.448814"><testcase classname="odsclient.tests.test_core" file="odsclient/tests/test_core.py" line="8" name="test_error_bad_dataset_id" time="0.526"></testcase><testcase classname="odsclient.tests.test_core" file="odsclient/tests/test_core.py" line="18" name="test_no_apikey_provided" time="0.002"></testcase><testcase classname="odsclient.tests.test_core" file="odsclient/tests/test_core.py" line="24" name="test_apikey_not_granting_rights" time="0.303"></testcase><testcase classname="odsclient.tests.test_core" file="odsclient/tests/test_core.py" line="31" name="test_bad_apikey" time="0.437"></testcase><testcase classname="odsclient.tests.test_core" file="odsclient/tests/test_core.py" line="42" name="test_keyring_unit" time="0.004"></testcase><testcase classname="odsclient.tests.test_readme" file="odsclient/tests/test_readme.py" line="26" name="test_example" time="1.123"></testcase><testcase classname="odsclient.tests.test_readme" file="odsclient/tests/test_readme.py" line="60" name="test_other_platform[direct]" time="0.662"></testcase><testcase classname="odsclient.tests.test_readme" file="odsclient/tests/test_readme.py" line="60" name="test_other_platform[file_default]" time="0.661"></testcase><testcase classname="odsclient.tests.test_readme" file="odsclient/tests/test_readme.py" line="60" name="test_other_platform[file_custom]" time="0.642"></testcase><testcase classname="odsclient.tests.test_readme" file="odsclient/tests/test_readme.py" line="60" name="test_other_platform[single_env]" time="0.662"></testcase><testcase classname="odsclient.tests.test_readme" file="odsclient/tests/test_readme.py" line="60" name="test_other_platform[multi_env_baseurl]" time="0.691"></testcase><testcase classname="odsclient.tests.test_readme" file="odsclient/tests/test_readme.py" line="60" name="test_other_platform[multi_env_default]" time="0.581"></testcase><testcase classname="odsclient.tests.test_readme" file="odsclient/tests/test_readme.py" line="60" name="test_other_platform[keyring1]" time="0.591"></testcase><testcase classname="odsclient.tests.test_readme" file="odsclient/tests/test_readme.py" line="60" name="test_other_platform[keyring2]" time="0.627"></testcase></testsuite></testsuites>