<?xml version="1.0" encoding="utf-8"?><testsuites><testsuite errors="0" failures="0" hostname="travis-job-1bfa0db2-d81d-46d3-ba64-b8d4abbfc9bd" name="pytest" skipped="0" tests="17" time="9.026" timestamp="2020-03-04T16:11:44.058343"><testcase classname="odsclient.tests.test_core" file="odsclient/tests/test_core.py" line="8" name="test_error_bad_dataset_id" time="1.014"></testcase><testcase classname="odsclient.tests.test_core" file="odsclient/tests/test_core.py" line="18" name="test_no_apikey_provided" time="0.003"></testcase><testcase classname="odsclient.tests.test_core" file="odsclient/tests/test_core.py" line="24" name="test_apikey_not_granting_rights" time="0.343"></testcase><testcase classname="odsclient.tests.test_core" file="odsclient/tests/test_core.py" line="31" name="test_bad_apikey" time="0.444"></testcase><testcase classname="odsclient.tests.test_core" file="odsclient/tests/test_core.py" line="42" name="test_keyring_unit" time="0.005"></testcase><testcase classname="odsclient.tests.test_odskey" file="odsclient/tests/test_odskey.py" line="6" name="test_odskey[None-None]" time="0.014"></testcase><testcase classname="odsclient.tests.test_odskey" file="odsclient/tests/test_odskey.py" line="6" name="test_odskey[hello-None]" time="0.014"></testcase><testcase classname="odsclient.tests.test_odskey" file="odsclient/tests/test_odskey.py" line="6" name="test_odskey[None-http://blouh/]" time="0.014"></testcase><testcase classname="odsclient.tests.test_readme" file="odsclient/tests/test_readme.py" line="26" name="test_example" time="1.039"></testcase><testcase classname="odsclient.tests.test_readme" file="odsclient/tests/test_readme.py" line="60" name="test_other_platform[direct]" time="0.672"></testcase><testcase classname="odsclient.tests.test_readme" file="odsclient/tests/test_readme.py" line="60" name="test_other_platform[file_default]" time="0.712"></testcase><testcase classname="odsclient.tests.test_readme" file="odsclient/tests/test_readme.py" line="60" name="test_other_platform[file_custom]" time="0.668"></testcase><testcase classname="odsclient.tests.test_readme" file="odsclient/tests/test_readme.py" line="60" name="test_other_platform[single_env]" time="0.602"></testcase><testcase classname="odsclient.tests.test_readme" file="odsclient/tests/test_readme.py" line="60" name="test_other_platform[multi_env_baseurl]" time="0.686"></testcase><testcase classname="odsclient.tests.test_readme" file="odsclient/tests/test_readme.py" line="60" name="test_other_platform[multi_env_default]" time="0.653"></testcase><testcase classname="odsclient.tests.test_readme" file="odsclient/tests/test_readme.py" line="60" name="test_other_platform[keyring1]" time="0.663"></testcase><testcase classname="odsclient.tests.test_readme" file="odsclient/tests/test_readme.py" line="60" name="test_other_platform[keyring2]" time="0.743"></testcase></testsuite></testsuites>