<?xml version="1.0" encoding="utf-8"?><testsuites><testsuite errors="0" failures="0" hostname="travis-job-c00f7081-375d-4f06-8127-2b2005d0807d" name="pytest" skipped="0" tests="2" time="2.094" timestamp="2020-02-23T22:44:48.509531"><testcase classname="odsclient.tests.test_core" file="odsclient/tests/test_core.py" line="5" name="test_error_bad_dataset_id" time="0.506"></testcase><testcase classname="odsclient.tests.test_readme" file="odsclient/tests/test_readme.py" line="21" name="test_example" time="1.114"></testcase></testsuite></testsuites>