<?xml version="1.0" encoding="utf-8"?><testsuites><testsuite errors="0" failures="0" hostname="travis-job-6f1d20e3-056e-4d92-bdf6-7a1a066384e9" name="pytest" skipped="0" tests="14" time="10.374" timestamp="2020-03-02T00:18:15.202458"><testcase classname="odsclient.tests.test_core" file="odsclient/tests/test_core.py" line="8" name="test_error_bad_dataset_id" time="0.525"></testcase><testcase classname="odsclient.tests.test_core" file="odsclient/tests/test_core.py" line="18" name="test_no_apikey_provided" time="0.003"></testcase><testcase classname="odsclient.tests.test_core" file="odsclient/tests/test_core.py" line="24" name="test_apikey_not_granting_rights" time="0.341"></testcase><testcase classname="odsclient.tests.test_core" file="odsclient/tests/test_core.py" line="31" name="test_bad_apikey" time="0.472"></testcase><testcase classname="odsclient.tests.test_core" file="odsclient/tests/test_core.py" line="42" name="test_keyring_unit" time="0.004"></testcase><testcase classname="odsclient.tests.test_readme" file="odsclient/tests/test_readme.py" line="26" name="test_example" time="1.547"></testcase><testcase classname="odsclient.tests.test_readme" file="odsclient/tests/test_readme.py" line="60" name="test_other_platform[direct]" time="0.851"></testcase><testcase classname="odsclient.tests.test_readme" file="odsclient/tests/test_readme.py" line="60" name="test_other_platform[file_default]" time="0.853"></testcase><testcase classname="odsclient.tests.test_readme" file="odsclient/tests/test_readme.py" line="60" name="test_other_platform[file_custom]" time="0.857"></testcase><testcase classname="odsclient.tests.test_readme" file="odsclient/tests/test_readme.py" line="60" name="test_other_platform[single_env]" time="0.987"></testcase><testcase classname="odsclient.tests.test_readme" file="odsclient/tests/test_readme.py" line="60" name="test_other_platform[multi_env_baseurl]" time="0.897"></testcase><testcase classname="odsclient.tests.test_readme" file="odsclient/tests/test_readme.py" line="60" name="test_other_platform[multi_env_default]" time="0.774"></testcase><testcase classname="odsclient.tests.test_readme" file="odsclient/tests/test_readme.py" line="60" name="test_other_platform[keyring1]" time="0.822"></testcase><testcase classname="odsclient.tests.test_readme" file="odsclient/tests/test_readme.py" line="60" name="test_other_platform[keyring2]" time="0.824"></testcase></testsuite></testsuites>