<?xml version="1.0" encoding="utf-8"?><testsuites><testsuite errors="0" failures="0" hostname="travis-job-226b0d22-3cbb-4b39-b0bf-7f7ec228b094" name="pytest" skipped="0" tests="17" time="7.167" timestamp="2020-10-05T12:43:15.420072"><testcase classname="odsclient.tests.test_core" name="test_error_bad_dataset_id" time="0.649" /><testcase classname="odsclient.tests.test_core" name="test_no_apikey_provided" time="0.002" /><testcase classname="odsclient.tests.test_core" name="test_apikey_not_granting_rights" time="1.281" /><testcase classname="odsclient.tests.test_core" name="test_bad_apikey" time="0.548" /><testcase classname="odsclient.tests.test_core" name="test_keyring_unit" time="0.003" /><testcase classname="odsclient.tests.test_odskey" name="test_odskey[None-None]" time="0.017" /><testcase classname="odsclient.tests.test_odskey" name="test_odskey[hello-None]" time="0.040" /><testcase classname="odsclient.tests.test_odskey" name="test_odskey[None-http://blouh/]" time="0.012" /><testcase classname="odsclient.tests.test_readme" name="test_example" time="1.493" /><testcase classname="odsclient.tests.test_readme" name="test_other_platform[direct]" time="0.317" /><testcase classname="odsclient.tests.test_readme" name="test_other_platform[file_default]" time="0.307" /><testcase classname="odsclient.tests.test_readme" name="test_other_platform[file_custom]" time="0.302" /><testcase classname="odsclient.tests.test_readme" name="test_other_platform[single_env]" time="0.337" /><testcase classname="odsclient.tests.test_readme" name="test_other_platform[multi_env_baseurl]" time="0.285" /><testcase classname="odsclient.tests.test_readme" name="test_other_platform[multi_env_default]" time="0.284" /><testcase classname="odsclient.tests.test_readme" name="test_other_platform[keyring1]" time="0.223" /><testcase classname="odsclient.tests.test_readme" name="test_other_platform[keyring2]" time="0.426" /></testsuite></testsuites>