<?xml version="1.0" encoding="utf-8"?><testsuites><testsuite errors="0" failures="0" hostname="travis-job-8758f8a3-5044-4db6-99da-8ed8ff93e4b7" name="pytest" skipped="0" tests="51" time="26.612" timestamp="2021-02-03T17:27:20.985846"><testcase classname="odsclient.tests.test_core" file="odsclient/tests/test_core.py" line="9" name="test_error_bad_dataset_id" time="0.488"></testcase><testcase classname="odsclient.tests.test_core" file="odsclient/tests/test_core.py" line="19" name="test_no_apikey_provided" time="0.003"></testcase><testcase classname="odsclient.tests.test_core" file="odsclient/tests/test_core.py" line="25" name="test_apikey_not_granting_rights" time="0.313"></testcase><testcase classname="odsclient.tests.test_core" file="odsclient/tests/test_core.py" line="32" name="test_bad_apikey" time="0.441"></testcase><testcase classname="odsclient.tests.test_core" file="odsclient/tests/test_core.py" line="43" name="test_keyring_unit" time="0.003"></testcase><testcase classname="odsclient.tests.test_core" file="odsclient/tests/test_core.py" line="52" name="test_baseurl_to_id_str[False-http://]" time="0.001"></testcase><testcase classname="odsclient.tests.test_core" file="odsclient/tests/test_core.py" line="52" name="test_baseurl_to_id_str[False-ftp://]" time="0.001"></testcase><testcase classname="odsclient.tests.test_core" file="odsclient/tests/test_core.py" line="52" name="test_baseurl_to_id_str[False-https://]" time="0.001"></testcase><testcase classname="odsclient.tests.test_core" file="odsclient/tests/test_core.py" line="52" name="test_baseurl_to_id_str[True-http://]" time="0.001"></testcase><testcase classname="odsclient.tests.test_core" file="odsclient/tests/test_core.py" line="52" name="test_baseurl_to_id_str[True-ftp://]" time="0.003"></testcase><testcase classname="odsclient.tests.test_core" file="odsclient/tests/test_core.py" line="52" name="test_baseurl_to_id_str[True-https://]" time="0.001"></testcase><testcase classname="odsclient.tests.test_odskey" file="odsclient/tests/test_odskey.py" line="6" name="test_odskey[None-None]" time="0.018"></testcase><testcase classname="odsclient.tests.test_odskey" file="odsclient/tests/test_odskey.py" line="6" name="test_odskey[hello-None]" time="0.011"></testcase><testcase classname="odsclient.tests.test_odskey" file="odsclient/tests/test_odskey.py" line="6" name="test_odskey[None-http://blouh/]" time="0.011"></testcase><testcase classname="odsclient.tests.test_readme" file="odsclient/tests/test_readme.py" line="35" name="test_invalid_network_connection" time="0.005"></testcase><testcase classname="odsclient.tests.test_readme" file="odsclient/tests/test_readme.py" line="41" name="test_example[file_cache=False-progress_bar=False-save_to_file=False]" time="1.552"></testcase><testcase classname="odsclient.tests.test_readme" file="odsclient/tests/test_readme.py" line="41" name="test_example[file_cache=False-progress_bar=False-save_to_file=True]" time="1.073"></testcase><testcase classname="odsclient.tests.test_readme" file="odsclient/tests/test_readme.py" line="41" name="test_example[file_cache=False-progress_bar=True-save_to_file=False]" time="1.120"></testcase><testcase classname="odsclient.tests.test_readme" file="odsclient/tests/test_readme.py" line="41" name="test_example[file_cache=False-progress_bar=True-save_to_file=True]" time="1.081"></testcase><testcase classname="odsclient.tests.test_readme" file="odsclient/tests/test_readme.py" line="41" name="test_example[file_cache=True-progress_bar=False-save_to_file=False]" time="1.645"></testcase><testcase classname="odsclient.tests.test_readme" file="odsclient/tests/test_readme.py" line="41" name="test_example[file_cache=True-progress_bar=False-save_to_file=True]" time="1.869"></testcase><testcase classname="odsclient.tests.test_readme" file="odsclient/tests/test_readme.py" line="41" name="test_example[file_cache=True-progress_bar=True-save_to_file=False]" time="1.642"></testcase><testcase classname="odsclient.tests.test_readme" file="odsclient/tests/test_readme.py" line="41" name="test_example[file_cache=True-progress_bar=True-save_to_file=True]" time="2.478"></testcase><testcase classname="odsclient.tests.test_readme" file="odsclient/tests/test_readme.py" line="41" name="test_example[file_cache=.odscustcache-progress_bar=False-save_to_file=False]" time="1.633"></testcase><testcase classname="odsclient.tests.test_readme" file="odsclient/tests/test_readme.py" line="41" name="test_example[file_cache=.odscustcache-progress_bar=False-save_to_file=True]" time="1.631"></testcase><testcase classname="odsclient.tests.test_readme" file="odsclient/tests/test_readme.py" line="41" name="test_example[file_cache=.odscustcache-progress_bar=True-save_to_file=False]" time="1.577"></testcase><testcase classname="odsclient.tests.test_readme" file="odsclient/tests/test_readme.py" line="41" name="test_example[file_cache=.odscustcache-progress_bar=True-save_to_file=True]" time="1.674"></testcase><testcase classname="odsclient.tests.test_readme" file="odsclient/tests/test_readme.py" line="130" name="test_other_platform[file_cache=False-direct]" time="0.336"></testcase><testcase classname="odsclient.tests.test_readme" file="odsclient/tests/test_readme.py" line="130" name="test_other_platform[file_cache=False-file_default]" time="0.241"></testcase><testcase classname="odsclient.tests.test_readme" file="odsclient/tests/test_readme.py" line="130" name="test_other_platform[file_cache=False-file_custom]" time="0.180"></testcase><testcase classname="odsclient.tests.test_readme" file="odsclient/tests/test_readme.py" line="130" name="test_other_platform[file_cache=False-single_env]" time="0.246"></testcase><testcase classname="odsclient.tests.test_readme" file="odsclient/tests/test_readme.py" line="130" name="test_other_platform[file_cache=False-multi_env_baseurl]" time="0.189"></testcase><testcase classname="odsclient.tests.test_readme" file="odsclient/tests/test_readme.py" line="130" name="test_other_platform[file_cache=False-multi_env_default]" time="0.184"></testcase><testcase classname="odsclient.tests.test_readme" file="odsclient/tests/test_readme.py" line="130" name="test_other_platform[file_cache=False-keyring1]" time="0.260"></testcase><testcase classname="odsclient.tests.test_readme" file="odsclient/tests/test_readme.py" line="130" name="test_other_platform[file_cache=False-keyring2]" time="0.186"></testcase><testcase classname="odsclient.tests.test_readme" file="odsclient/tests/test_readme.py" line="130" name="test_other_platform[file_cache=True-direct]" time="0.184"></testcase><testcase classname="odsclient.tests.test_readme" file="odsclient/tests/test_readme.py" line="130" name="test_other_platform[file_cache=True-file_default]" time="0.242"></testcase><testcase classname="odsclient.tests.test_readme" file="odsclient/tests/test_readme.py" line="130" name="test_other_platform[file_cache=True-file_custom]" time="0.192"></testcase><testcase classname="odsclient.tests.test_readme" file="odsclient/tests/test_readme.py" line="130" name="test_other_platform[file_cache=True-single_env]" time="0.184"></testcase><testcase classname="odsclient.tests.test_readme" file="odsclient/tests/test_readme.py" line="130" name="test_other_platform[file_cache=True-multi_env_baseurl]" time="0.296"></testcase><testcase classname="odsclient.tests.test_readme" file="odsclient/tests/test_readme.py" line="130" name="test_other_platform[file_cache=True-multi_env_default]" time="0.191"></testcase><testcase classname="odsclient.tests.test_readme" file="odsclient/tests/test_readme.py" line="130" name="test_other_platform[file_cache=True-keyring1]" time="0.197"></testcase><testcase classname="odsclient.tests.test_readme" file="odsclient/tests/test_readme.py" line="130" name="test_other_platform[file_cache=True-keyring2]" time="0.274"></testcase><testcase classname="odsclient.tests.test_readme" file="odsclient/tests/test_readme.py" line="130" name="test_other_platform[file_cache=.odscustcache-direct]" time="0.246"></testcase><testcase classname="odsclient.tests.test_readme" file="odsclient/tests/test_readme.py" line="130" name="test_other_platform[file_cache=.odscustcache-file_default]" time="0.236"></testcase><testcase classname="odsclient.tests.test_readme" file="odsclient/tests/test_readme.py" line="130" name="test_other_platform[file_cache=.odscustcache-file_custom]" time="0.248"></testcase><testcase classname="odsclient.tests.test_readme" file="odsclient/tests/test_readme.py" line="130" name="test_other_platform[file_cache=.odscustcache-single_env]" time="0.237"></testcase><testcase classname="odsclient.tests.test_readme" file="odsclient/tests/test_readme.py" line="130" name="test_other_platform[file_cache=.odscustcache-multi_env_baseurl]" time="0.245"></testcase><testcase classname="odsclient.tests.test_readme" file="odsclient/tests/test_readme.py" line="130" name="test_other_platform[file_cache=.odscustcache-multi_env_default]" time="0.272"></testcase><testcase classname="odsclient.tests.test_readme" file="odsclient/tests/test_readme.py" line="130" name="test_other_platform[file_cache=.odscustcache-keyring1]" time="0.254"></testcase><testcase classname="odsclient.tests.test_readme" file="odsclient/tests/test_readme.py" line="130" name="test_other_platform[file_cache=.odscustcache-keyring2]" time="0.224"></testcase></testsuite></testsuites>