<?xml version="1.0" encoding="utf-8"?><testsuites><testsuite errors="0" failures="0" hostname="travis-job-de1d8cc8-e933-4ddb-9d5d-2cb78a6a352e" name="pytest" skipped="0" tests="20" time="12.309" timestamp="2020-10-08T16:15:41.539663"><testcase classname="odsclient.tests.test_core" name="test_error_bad_dataset_id" time="0.678" /><testcase classname="odsclient.tests.test_core" name="test_no_apikey_provided" time="0.002" /><testcase classname="odsclient.tests.test_core" name="test_apikey_not_granting_rights" time="1.279" /><testcase classname="odsclient.tests.test_core" name="test_bad_apikey" time="0.623" /><testcase classname="odsclient.tests.test_core" name="test_keyring_unit" time="0.002" /><testcase classname="odsclient.tests.test_odskey" name="test_odskey[None-None]" time="0.051" /><testcase classname="odsclient.tests.test_odskey" name="test_odskey[hello-None]" time="0.012" /><testcase classname="odsclient.tests.test_odskey" name="test_odskey[None-http://blouh/]" time="0.011" /><testcase classname="odsclient.tests.test_readme" name="test_example[progress_bar=False-save_to_file=False]" time="1.493" /><testcase classname="odsclient.tests.test_readme" name="test_example[progress_bar=False-save_to_file=True]" time="1.617" /><testcase classname="odsclient.tests.test_readme" name="test_example[progress_bar=True-save_to_file=False]" time="1.715" /><testcase classname="odsclient.tests.test_readme" name="test_example[progress_bar=True-save_to_file=True]" time="1.845" /><testcase classname="odsclient.tests.test_readme" name="test_other_platform[direct]" time="0.316" /><testcase classname="odsclient.tests.test_readme" name="test_other_platform[file_default]" time="0.223" /><testcase classname="odsclient.tests.test_readme" name="test_other_platform[file_custom]" time="0.387" /><testcase classname="odsclient.tests.test_readme" name="test_other_platform[single_env]" time="0.224" /><testcase classname="odsclient.tests.test_readme" name="test_other_platform[multi_env_baseurl]" time="0.284" /><testcase classname="odsclient.tests.test_readme" name="test_other_platform[multi_env_default]" time="0.306" /><testcase classname="odsclient.tests.test_readme" name="test_other_platform[keyring1]" time="0.281" /><testcase classname="odsclient.tests.test_readme" name="test_other_platform[keyring2]" time="0.302" /></testsuite></testsuites>