<?xml version="1.0" encoding="utf-8"?><testsuites><testsuite errors="0" failures="0" hostname="travis-job-0101c471-7019-481a-b035-5a93f3419ccd" name="pytest" skipped="0" tests="1" time="1.071" timestamp="2020-02-20T22:23:26.822786"><testcase classname="odsclient.tests.test_readme" file="odsclient/tests/test_readme.py" line="18" name="test_example" time="0.577"></testcase></testsuite></testsuites>